[2023-10-03 17:51:29] INFO (main) Start NNI manager
[2023-10-03 17:51:29] INFO (NNIDataStore) Datastore initialization done
[2023-10-03 17:51:29] INFO (RestServer) Starting REST server at port 23400, URL prefix: "/"
[2023-10-03 17:51:29] INFO (RestServer) REST server started.
[2023-10-03 17:51:29] INFO (NNIManager) Starting experiment: ne7ogc3d
[2023-10-03 17:51:29] INFO (NNIManager) Setup training service...
[2023-10-03 17:51:29] INFO (LocalTrainingService) Construct local machine training service.
[2023-10-03 17:51:29] INFO (NNIManager) Setup tuner...
[2023-10-03 17:51:29] INFO (NNIManager) Change NNIManager status from: INITIALIZED to: RUNNING
[2023-10-03 17:51:30] INFO (NNIManager) Add event listeners
[2023-10-03 17:51:30] INFO (LocalTrainingService) Run local machine training service.
[2023-10-03 17:51:30] INFO (NNIManager) NNIManager received command from dispatcher: ID, 
[2023-10-03 17:51:30] INFO (NNIManager) NNIManager received command from dispatcher: TR, {"parameter_id": 0, "parameter_source": "algorithm", "parameters": {"lr": 0.0004993050951939286, "epoch": 63.0, "dropout1": 0.14503837387532906, "dropout2": 0.19073071755572896, "dense1": 5.0, "dense2": 5.0, "factor_0": 2.0224704431253016, "factor_1": 3.6879361428380646, "factor_2": 2.2626941425208025, "factor_3": 3.5978090279000012, "factor_4": 1.1425250763700565, "threshold_0": 12.74854394071382, "threshold_1": 12.930972061474709, "threshold_2": 12.93266192970695, "threshold_3": 12.68226379314208, "threshold_4": 12.204219353934619}, "parameter_index": 0}
[2023-10-03 17:51:30] INFO (NNIManager) NNIManager received command from dispatcher: TR, {"parameter_id": 1, "parameter_source": "algorithm", "parameters": {"lr": 0.0007615360286263732, "epoch": 37.0, "dropout1": 0.14669270077151284, "dropout2": 0.29359085731312895, "dense1": 7.0, "dense2": 8.0, "factor_0": 2.947436347078253, "factor_1": 3.553494593114233, "factor_2": 1.8170045873181508, "factor_3": 3.617225451958749, "factor_4": 2.410960029545318, "threshold_0": 10.555241739214875, "threshold_1": 8.488265316350212, "threshold_2": 12.463996024089996, "threshold_3": 9.388940369006164, "threshold_4": 11.559082432690936}, "parameter_index": 0}
[2023-10-03 17:51:30] INFO (NNIManager) NNIManager received command from dispatcher: TR, {"parameter_id": 2, "parameter_source": "algorithm", "parameters": {"lr": 0.1897567822622857, "epoch": 67.0, "dropout1": 0.22183765760222796, "dropout2": 0.15491386732534676, "dense1": 5.0, "dense2": 4.0, "factor_0": 2.0544660301438498, "factor_1": 2.249195330669882, "factor_2": 3.5793595843809745, "factor_3": 2.300046065650841, "factor_4": 2.1901825774724264, "threshold_0": 11.330927186668346, "threshold_1": 10.050392585117107, "threshold_2": 12.99786200673164, "threshold_3": 10.511214785286807, "threshold_4": 11.442596535378346}, "parameter_index": 0}
[2023-10-03 17:51:30] INFO (NNIManager) NNIManager received command from dispatcher: TR, {"parameter_id": 3, "parameter_source": "algorithm", "parameters": {"lr": 0.012079899395218984, "epoch": 40.0, "dropout1": 0.17186829823810362, "dropout2": 0.15026557112546043, "dense1": 4.0, "dense2": 7.0, "factor_0": 2.4415143211405157, "factor_1": 1.608082962625938, "factor_2": 1.1378214044575552, "factor_3": 3.2700642034729146, "factor_4": 3.0275329420632144, "threshold_0": 10.24672134298434, "threshold_1": 7.508988955719173, "threshold_2": 11.8957810546078, "threshold_3": 10.697563291099616, "threshold_4": 9.601146425454155}, "parameter_index": 0}
[2023-10-03 17:51:30] INFO (NNIManager) NNIManager received command from dispatcher: TR, {"parameter_id": 4, "parameter_source": "algorithm", "parameters": {"lr": 0.0009996143183724354, "epoch": 63.0, "dropout1": 0.1343106284042344, "dropout2": 0.268703621262112, "dense1": 5.0, "dense2": 2.0, "factor_0": 2.431817566863392, "factor_1": 3.579325878338865, "factor_2": 2.671463997408044, "factor_3": 3.911675351804817, "factor_4": 2.6472221633727364, "threshold_0": 7.086564794946345, "threshold_1": 7.150232675492357, "threshold_2": 11.446017081089135, "threshold_3": 12.544579227151656, "threshold_4": 9.319369327296773}, "parameter_index": 0}
[2023-10-03 17:51:30] INFO (NNIManager) NNIManager received command from dispatcher: TR, {"parameter_id": 5, "parameter_source": "algorithm", "parameters": {"lr": 0.0003770694513770069, "epoch": 43.0, "dropout1": 0.223771576874999, "dropout2": 0.1243170115096956, "dense1": 9.0, "dense2": 5.0, "factor_0": 3.7963730931953426, "factor_1": 1.2390351406877933, "factor_2": 1.7844386484860681, "factor_3": 3.1126046141313957, "factor_4": 1.2175730973611087, "threshold_0": 12.730047803255095, "threshold_1": 7.483164050549332, "threshold_2": 7.572271523290686, "threshold_3": 11.790877731103535, "threshold_4": 9.072051335985964}, "parameter_index": 0}
[2023-10-03 17:51:30] INFO (NNIManager) NNIManager received command from dispatcher: TR, {"parameter_id": 6, "parameter_source": "algorithm", "parameters": {"lr": 0.0034746992698263136, "epoch": 51.0, "dropout1": 0.27972581108215033, "dropout2": 0.17018705879839666, "dense1": 9.0, "dense2": 6.0, "factor_0": 2.047204034131571, "factor_1": 2.571990761545723, "factor_2": 3.891509706699043, "factor_3": 2.817956257684171, "factor_4": 1.0162422917208869, "threshold_0": 11.08968996207216, "threshold_1": 10.142755723874311, "threshold_2": 9.766155203556064, "threshold_3": 9.940654592048132, "threshold_4": 10.769267433180351}, "parameter_index": 0}
[2023-10-03 17:51:30] INFO (NNIManager) NNIManager received command from dispatcher: TR, {"parameter_id": 7, "parameter_source": "algorithm", "parameters": {"lr": 0.014453007730456296, "epoch": 57.0, "dropout1": 0.14421718385906251, "dropout2": 0.26599922907065665, "dense1": 8.0, "dense2": 5.0, "factor_0": 1.253161998727043, "factor_1": 2.8444390434892033, "factor_2": 3.4016687724601704, "factor_3": 2.0327570438821096, "factor_4": 3.449546987339665, "threshold_0": 8.139514307187284, "threshold_1": 7.1355367108966075, "threshold_2": 7.4067981498241044, "threshold_3": 10.311356319027537, "threshold_4": 12.86757689574323}, "parameter_index": 0}
[2023-10-03 17:51:30] INFO (NNIManager) NNIManager received command from dispatcher: TR, {"parameter_id": 8, "parameter_source": "algorithm", "parameters": {"lr": 0.003704223722183896, "epoch": 68.0, "dropout1": 0.2524920696321395, "dropout2": 0.1291434515175582, "dense1": 8.0, "dense2": 3.0, "factor_0": 3.43819757290724, "factor_1": 1.8201059677168616, "factor_2": 2.544582933614868, "factor_3": 2.9003824617150693, "factor_4": 1.781453742515223, "threshold_0": 8.037201330441656, "threshold_1": 8.190066790741392, "threshold_2": 12.459623070992318, "threshold_3": 11.351621297239454, "threshold_4": 7.504648549021484}, "parameter_index": 0}
[2023-10-03 17:51:30] INFO (NNIManager) NNIManager received command from dispatcher: TR, {"parameter_id": 9, "parameter_source": "algorithm", "parameters": {"lr": 0.00014145148112200718, "epoch": 45.0, "dropout1": 0.28334737755967954, "dropout2": 0.18370093468317822, "dense1": 4.0, "dense2": 5.0, "factor_0": 1.11949648994075, "factor_1": 1.8486945484066135, "factor_2": 3.2161636038677486, "factor_3": 3.779909574791445, "factor_4": 2.4142814340880374, "threshold_0": 11.918544611585455, "threshold_1": 11.841990068297024, "threshold_2": 8.442490659899784, "threshold_3": 12.070913272818377, "threshold_4": 11.855570761273174}, "parameter_index": 0}
[2023-10-03 17:51:35] INFO (NNIManager) submitTrialJob: form: {
  sequenceId: 0,
  hyperParameters: {
    value: '{"parameter_id": 0, "parameter_source": "algorithm", "parameters": {"lr": 0.0004993050951939286, "epoch": 63.0, "dropout1": 0.14503837387532906, "dropout2": 0.19073071755572896, "dense1": 5.0, "dense2": 5.0, "factor_0": 2.0224704431253016, "factor_1": 3.6879361428380646, "factor_2": 2.2626941425208025, "factor_3": 3.5978090279000012, "factor_4": 1.1425250763700565, "threshold_0": 12.74854394071382, "threshold_1": 12.930972061474709, "threshold_2": 12.93266192970695, "threshold_3": 12.68226379314208, "threshold_4": 12.204219353934619}, "parameter_index": 0}',
    index: 0
  },
  placementConstraint: { type: 'None', gpus: [] }
}
[2023-10-03 17:51:35] INFO (NNIManager) submitTrialJob: form: {
  sequenceId: 1,
  hyperParameters: {
    value: '{"parameter_id": 1, "parameter_source": "algorithm", "parameters": {"lr": 0.0007615360286263732, "epoch": 37.0, "dropout1": 0.14669270077151284, "dropout2": 0.29359085731312895, "dense1": 7.0, "dense2": 8.0, "factor_0": 2.947436347078253, "factor_1": 3.553494593114233, "factor_2": 1.8170045873181508, "factor_3": 3.617225451958749, "factor_4": 2.410960029545318, "threshold_0": 10.555241739214875, "threshold_1": 8.488265316350212, "threshold_2": 12.463996024089996, "threshold_3": 9.388940369006164, "threshold_4": 11.559082432690936}, "parameter_index": 0}',
    index: 0
  },
  placementConstraint: { type: 'None', gpus: [] }
}
[2023-10-03 17:51:35] INFO (NNIManager) submitTrialJob: form: {
  sequenceId: 2,
  hyperParameters: {
    value: '{"parameter_id": 2, "parameter_source": "algorithm", "parameters": {"lr": 0.1897567822622857, "epoch": 67.0, "dropout1": 0.22183765760222796, "dropout2": 0.15491386732534676, "dense1": 5.0, "dense2": 4.0, "factor_0": 2.0544660301438498, "factor_1": 2.249195330669882, "factor_2": 3.5793595843809745, "factor_3": 2.300046065650841, "factor_4": 2.1901825774724264, "threshold_0": 11.330927186668346, "threshold_1": 10.050392585117107, "threshold_2": 12.99786200673164, "threshold_3": 10.511214785286807, "threshold_4": 11.442596535378346}, "parameter_index": 0}',
    index: 0
  },
  placementConstraint: { type: 'None', gpus: [] }
}
[2023-10-03 17:51:35] INFO (NNIManager) submitTrialJob: form: {
  sequenceId: 3,
  hyperParameters: {
    value: '{"parameter_id": 3, "parameter_source": "algorithm", "parameters": {"lr": 0.012079899395218984, "epoch": 40.0, "dropout1": 0.17186829823810362, "dropout2": 0.15026557112546043, "dense1": 4.0, "dense2": 7.0, "factor_0": 2.4415143211405157, "factor_1": 1.608082962625938, "factor_2": 1.1378214044575552, "factor_3": 3.2700642034729146, "factor_4": 3.0275329420632144, "threshold_0": 10.24672134298434, "threshold_1": 7.508988955719173, "threshold_2": 11.8957810546078, "threshold_3": 10.697563291099616, "threshold_4": 9.601146425454155}, "parameter_index": 0}',
    index: 0
  },
  placementConstraint: { type: 'None', gpus: [] }
}
[2023-10-03 17:51:35] INFO (NNIManager) submitTrialJob: form: {
  sequenceId: 4,
  hyperParameters: {
    value: '{"parameter_id": 4, "parameter_source": "algorithm", "parameters": {"lr": 0.0009996143183724354, "epoch": 63.0, "dropout1": 0.1343106284042344, "dropout2": 0.268703621262112, "dense1": 5.0, "dense2": 2.0, "factor_0": 2.431817566863392, "factor_1": 3.579325878338865, "factor_2": 2.671463997408044, "factor_3": 3.911675351804817, "factor_4": 2.6472221633727364, "threshold_0": 7.086564794946345, "threshold_1": 7.150232675492357, "threshold_2": 11.446017081089135, "threshold_3": 12.544579227151656, "threshold_4": 9.319369327296773}, "parameter_index": 0}',
    index: 0
  },
  placementConstraint: { type: 'None', gpus: [] }
}
[2023-10-03 17:51:35] INFO (NNIManager) submitTrialJob: form: {
  sequenceId: 5,
  hyperParameters: {
    value: '{"parameter_id": 5, "parameter_source": "algorithm", "parameters": {"lr": 0.0003770694513770069, "epoch": 43.0, "dropout1": 0.223771576874999, "dropout2": 0.1243170115096956, "dense1": 9.0, "dense2": 5.0, "factor_0": 3.7963730931953426, "factor_1": 1.2390351406877933, "factor_2": 1.7844386484860681, "factor_3": 3.1126046141313957, "factor_4": 1.2175730973611087, "threshold_0": 12.730047803255095, "threshold_1": 7.483164050549332, "threshold_2": 7.572271523290686, "threshold_3": 11.790877731103535, "threshold_4": 9.072051335985964}, "parameter_index": 0}',
    index: 0
  },
  placementConstraint: { type: 'None', gpus: [] }
}
[2023-10-03 17:51:35] INFO (NNIManager) submitTrialJob: form: {
  sequenceId: 6,
  hyperParameters: {
    value: '{"parameter_id": 6, "parameter_source": "algorithm", "parameters": {"lr": 0.0034746992698263136, "epoch": 51.0, "dropout1": 0.27972581108215033, "dropout2": 0.17018705879839666, "dense1": 9.0, "dense2": 6.0, "factor_0": 2.047204034131571, "factor_1": 2.571990761545723, "factor_2": 3.891509706699043, "factor_3": 2.817956257684171, "factor_4": 1.0162422917208869, "threshold_0": 11.08968996207216, "threshold_1": 10.142755723874311, "threshold_2": 9.766155203556064, "threshold_3": 9.940654592048132, "threshold_4": 10.769267433180351}, "parameter_index": 0}',
    index: 0
  },
  placementConstraint: { type: 'None', gpus: [] }
}
[2023-10-03 17:51:35] INFO (NNIManager) submitTrialJob: form: {
  sequenceId: 7,
  hyperParameters: {
    value: '{"parameter_id": 7, "parameter_source": "algorithm", "parameters": {"lr": 0.014453007730456296, "epoch": 57.0, "dropout1": 0.14421718385906251, "dropout2": 0.26599922907065665, "dense1": 8.0, "dense2": 5.0, "factor_0": 1.253161998727043, "factor_1": 2.8444390434892033, "factor_2": 3.4016687724601704, "factor_3": 2.0327570438821096, "factor_4": 3.449546987339665, "threshold_0": 8.139514307187284, "threshold_1": 7.1355367108966075, "threshold_2": 7.4067981498241044, "threshold_3": 10.311356319027537, "threshold_4": 12.86757689574323}, "parameter_index": 0}',
    index: 0
  },
  placementConstraint: { type: 'None', gpus: [] }
}
[2023-10-03 17:51:35] INFO (NNIManager) submitTrialJob: form: {
  sequenceId: 8,
  hyperParameters: {
    value: '{"parameter_id": 8, "parameter_source": "algorithm", "parameters": {"lr": 0.003704223722183896, "epoch": 68.0, "dropout1": 0.2524920696321395, "dropout2": 0.1291434515175582, "dense1": 8.0, "dense2": 3.0, "factor_0": 3.43819757290724, "factor_1": 1.8201059677168616, "factor_2": 2.544582933614868, "factor_3": 2.9003824617150693, "factor_4": 1.781453742515223, "threshold_0": 8.037201330441656, "threshold_1": 8.190066790741392, "threshold_2": 12.459623070992318, "threshold_3": 11.351621297239454, "threshold_4": 7.504648549021484}, "parameter_index": 0}',
    index: 0
  },
  placementConstraint: { type: 'None', gpus: [] }
}
[2023-10-03 17:51:35] INFO (NNIManager) submitTrialJob: form: {
  sequenceId: 9,
  hyperParameters: {
    value: '{"parameter_id": 9, "parameter_source": "algorithm", "parameters": {"lr": 0.00014145148112200718, "epoch": 45.0, "dropout1": 0.28334737755967954, "dropout2": 0.18370093468317822, "dense1": 4.0, "dense2": 5.0, "factor_0": 1.11949648994075, "factor_1": 1.8486945484066135, "factor_2": 3.2161636038677486, "factor_3": 3.779909574791445, "factor_4": 2.4142814340880374, "threshold_0": 11.918544611585455, "threshold_1": 11.841990068297024, "threshold_2": 8.442490659899784, "threshold_3": 12.070913272818377, "threshold_4": 11.855570761273174}, "parameter_index": 0}',
    index: 0
  },
  placementConstraint: { type: 'None', gpus: [] }
}
[2023-10-03 17:51:40] INFO (NNIManager) Trial job LH9iv status changed from WAITING to RUNNING
[2023-10-03 17:51:45] INFO (NNIManager) Trial job k5G6N status changed from WAITING to RUNNING
[2023-10-03 17:51:45] INFO (NNIManager) Trial job tSPLQ status changed from WAITING to RUNNING
[2023-10-03 17:51:45] INFO (NNIManager) Trial job OP1Bw status changed from WAITING to RUNNING
[2023-10-03 17:51:45] INFO (NNIManager) Trial job eVR2F status changed from WAITING to RUNNING
[2023-10-03 17:51:45] INFO (NNIManager) Trial job XTpGc status changed from WAITING to RUNNING
[2023-10-03 17:51:45] INFO (NNIManager) Trial job MybB9 status changed from WAITING to RUNNING
[2023-10-03 17:51:45] INFO (NNIManager) Trial job in5fl status changed from WAITING to RUNNING
[2023-10-03 17:51:45] INFO (NNIManager) Trial job PLXQ0 status changed from WAITING to RUNNING
[2023-10-03 17:51:45] INFO (NNIManager) Trial job PekmX status changed from WAITING to RUNNING
[2023-10-03 17:55:52] INFO (NNIManager) Trial job PekmX status changed from RUNNING to FAILED
[2023-10-03 17:55:52] INFO (NNIManager) NNIManager received command from dispatcher: TR, {"parameter_id": 10, "parameter_source": "algorithm", "parameters": {"lr": 0.006123244340293175, "epoch": 46.0, "dropout1": 0.13746199773584772, "dropout2": 0.10925174542077094, "dense1": 6.0, "dense2": 6.0, "factor_0": 1.1016308064602613, "factor_1": 3.5771692983568393, "factor_2": 3.496355467737147, "factor_3": 3.0321720173314715, "factor_4": 3.045914406504291, "threshold_0": 12.168306030780604, "threshold_1": 11.832531133857074, "threshold_2": 11.267709074753853, "threshold_3": 9.773750192088997, "threshold_4": 7.624131260612189}, "parameter_index": 0}
[2023-10-03 17:55:57] INFO (NNIManager) Trial job LH9iv status changed from RUNNING to FAILED
[2023-10-03 17:55:57] INFO (NNIManager) Trial job k5G6N status changed from RUNNING to FAILED
[2023-10-03 17:55:57] INFO (NNIManager) Trial job tSPLQ status changed from RUNNING to FAILED
[2023-10-03 17:55:57] INFO (NNIManager) Trial job OP1Bw status changed from RUNNING to FAILED
[2023-10-03 17:55:57] INFO (NNIManager) Trial job eVR2F status changed from RUNNING to FAILED
[2023-10-03 17:55:57] INFO (NNIManager) Trial job XTpGc status changed from RUNNING to FAILED
[2023-10-03 17:55:57] INFO (NNIManager) Trial job MybB9 status changed from RUNNING to FAILED
[2023-10-03 17:55:57] INFO (NNIManager) Trial job in5fl status changed from RUNNING to FAILED
[2023-10-03 17:55:57] INFO (NNIManager) Trial job PLXQ0 status changed from RUNNING to FAILED
[2023-10-03 17:55:57] INFO (NNIManager) submitTrialJob: form: {
  sequenceId: 10,
  hyperParameters: {
    value: '{"parameter_id": 10, "parameter_source": "algorithm", "parameters": {"lr": 0.006123244340293175, "epoch": 46.0, "dropout1": 0.13746199773584772, "dropout2": 0.10925174542077094, "dense1": 6.0, "dense2": 6.0, "factor_0": 1.1016308064602613, "factor_1": 3.5771692983568393, "factor_2": 3.496355467737147, "factor_3": 3.0321720173314715, "factor_4": 3.045914406504291, "threshold_0": 12.168306030780604, "threshold_1": 11.832531133857074, "threshold_2": 11.267709074753853, "threshold_3": 9.773750192088997, "threshold_4": 7.624131260612189}, "parameter_index": 0}',
    index: 0
  },
  placementConstraint: { type: 'None', gpus: [] }
}
[2023-10-03 17:55:57] INFO (NNIManager) NNIManager received command from dispatcher: TR, {"parameter_id": 11, "parameter_source": "algorithm", "parameters": {"lr": 0.2089214966876583, "epoch": 66.0, "dropout1": 0.2242857031760469, "dropout2": 0.2590540541927824, "dense1": 5.0, "dense2": 5.0, "factor_0": 2.3024211418526606, "factor_1": 2.6336365675389373, "factor_2": 3.9704327111712896, "factor_3": 1.5938167518580628, "factor_4": 1.6016366495234466, "threshold_0": 10.639150331717698, "threshold_1": 7.5064789532874485, "threshold_2": 8.082024647381582, "threshold_3": 8.39224854237259, "threshold_4": 12.456161036787908}, "parameter_index": 0}
[2023-10-03 17:55:57] INFO (NNIManager) NNIManager received command from dispatcher: TR, {"parameter_id": 12, "parameter_source": "algorithm", "parameters": {"lr": 0.05303387223588384, "epoch": 51.0, "dropout1": 0.18902794087356908, "dropout2": 0.1826372618180392, "dense1": 5.0, "dense2": 10.0, "factor_0": 1.263906347695848, "factor_1": 3.6514830362462485, "factor_2": 2.5721414497423183, "factor_3": 1.8956418407662254, "factor_4": 3.357015335236739, "threshold_0": 8.374354536851893, "threshold_1": 12.500541214253317, "threshold_2": 9.9012806908068, "threshold_3": 9.795830112361323, "threshold_4": 11.2495770025001}, "parameter_index": 0}
[2023-10-03 17:55:57] INFO (NNIManager) NNIManager received command from dispatcher: TR, {"parameter_id": 13, "parameter_source": "algorithm", "parameters": {"lr": 0.2589807858672008, "epoch": 46.0, "dropout1": 0.2568802805623743, "dropout2": 0.1443911700736869, "dense1": 5.0, "dense2": 10.0, "factor_0": 1.5578075397839244, "factor_1": 1.8824303184063265, "factor_2": 1.6786693681845746, "factor_3": 3.666856421729732, "factor_4": 3.4606550505048226, "threshold_0": 12.165393150753676, "threshold_1": 7.881075371648224, "threshold_2": 11.787293273549105, "threshold_3": 10.270470514646144, "threshold_4": 7.203724133846762}, "parameter_index": 0}
[2023-10-03 17:55:57] INFO (NNIManager) NNIManager received command from dispatcher: TR, {"parameter_id": 14, "parameter_source": "algorithm", "parameters": {"lr": 0.005638831424208334, "epoch": 38.0, "dropout1": 0.19431487526036326, "dropout2": 0.14143377462700985, "dense1": 5.0, "dense2": 8.0, "factor_0": 3.463191083739642, "factor_1": 3.8864481119516507, "factor_2": 1.3406994159787193, "factor_3": 2.849466276158842, "factor_4": 3.4916903666099324, "threshold_0": 10.886719674541794, "threshold_1": 9.833960699099983, "threshold_2": 9.29291992530949, "threshold_3": 11.740343132017987, "threshold_4": 11.989588822955218}, "parameter_index": 0}
[2023-10-03 17:55:57] INFO (NNIManager) NNIManager received command from dispatcher: TR, {"parameter_id": 15, "parameter_source": "algorithm", "parameters": {"lr": 0.000607022284352595, "epoch": 36.0, "dropout1": 0.229235203381635, "dropout2": 0.24645219146100444, "dense1": 7.0, "dense2": 7.0, "factor_0": 1.745725391631248, "factor_1": 3.675931052672649, "factor_2": 2.2311282545471514, "factor_3": 1.0327062950882882, "factor_4": 3.793639501282132, "threshold_0": 8.336497029688307, "threshold_1": 9.666596702782275, "threshold_2": 12.279532658958239, "threshold_3": 8.360275854714232, "threshold_4": 7.381428659324397}, "parameter_index": 0}
[2023-10-03 17:55:57] INFO (NNIManager) NNIManager received command from dispatcher: TR, {"parameter_id": 16, "parameter_source": "algorithm", "parameters": {"lr": 0.2650997082449664, "epoch": 57.0, "dropout1": 0.2729773881069504, "dropout2": 0.23047851172175665, "dense1": 3.0, "dense2": 9.0, "factor_0": 3.4380597892508513, "factor_1": 3.953035063817661, "factor_2": 3.0061147380495026, "factor_3": 1.1963293512252986, "factor_4": 1.360915074644503, "threshold_0": 9.367105488600739, "threshold_1": 9.414804092110511, "threshold_2": 12.723066054621869, "threshold_3": 8.886960025762814, "threshold_4": 8.252274099066346}, "parameter_index": 0}
[2023-10-03 17:55:57] INFO (NNIManager) NNIManager received command from dispatcher: TR, {"parameter_id": 17, "parameter_source": "algorithm", "parameters": {"lr": 0.001600038151741369, "epoch": 60.0, "dropout1": 0.17129459479019188, "dropout2": 0.17723890233633816, "dense1": 8.0, "dense2": 7.0, "factor_0": 2.2606854878101865, "factor_1": 3.9480440698148307, "factor_2": 1.597292557027287, "factor_3": 1.3246289470879882, "factor_4": 1.3036105610295627, "threshold_0": 7.426400542687839, "threshold_1": 10.22278023619645, "threshold_2": 12.384258066742337, "threshold_3": 12.509339063661075, "threshold_4": 12.57628735721149}, "parameter_index": 0}
[2023-10-03 17:55:57] INFO (NNIManager) NNIManager received command from dispatcher: TR, {"parameter_id": 18, "parameter_source": "algorithm", "parameters": {"lr": 0.12137904603997393, "epoch": 68.0, "dropout1": 0.10479369863893395, "dropout2": 0.119196787831621, "dense1": 3.0, "dense2": 3.0, "factor_0": 2.7363374584543405, "factor_1": 3.7721447338704372, "factor_2": 1.1649194055117498, "factor_3": 3.9512621835814965, "factor_4": 3.19356525522735, "threshold_0": 10.165286760813807, "threshold_1": 11.571731998900848, "threshold_2": 8.825803145399956, "threshold_3": 12.474729132825367, "threshold_4": 9.468198964431902}, "parameter_index": 0}
[2023-10-03 17:55:57] INFO (NNIManager) NNIManager received command from dispatcher: TR, {"parameter_id": 19, "parameter_source": "algorithm", "parameters": {"lr": 0.0015889384884265226, "epoch": 69.0, "dropout1": 0.27211729455666, "dropout2": 0.10594920905918809, "dense1": 6.0, "dense2": 9.0, "factor_0": 2.792611976357385, "factor_1": 2.4598662889327856, "factor_2": 1.8022805911641078, "factor_3": 2.0924008712374667, "factor_4": 2.5616158663559543, "threshold_0": 12.65809233768239, "threshold_1": 9.225619705143076, "threshold_2": 9.277531840711088, "threshold_3": 11.476800361785385, "threshold_4": 10.131237120732715}, "parameter_index": 0}
[2023-10-03 17:56:02] INFO (NNIManager) Trial job TUl0X status changed from WAITING to RUNNING
[2023-10-03 17:56:02] INFO (NNIManager) submitTrialJob: form: {
  sequenceId: 11,
  hyperParameters: {
    value: '{"parameter_id": 11, "parameter_source": "algorithm", "parameters": {"lr": 0.2089214966876583, "epoch": 66.0, "dropout1": 0.2242857031760469, "dropout2": 0.2590540541927824, "dense1": 5.0, "dense2": 5.0, "factor_0": 2.3024211418526606, "factor_1": 2.6336365675389373, "factor_2": 3.9704327111712896, "factor_3": 1.5938167518580628, "factor_4": 1.6016366495234466, "threshold_0": 10.639150331717698, "threshold_1": 7.5064789532874485, "threshold_2": 8.082024647381582, "threshold_3": 8.39224854237259, "threshold_4": 12.456161036787908}, "parameter_index": 0}',
    index: 0
  },
  placementConstraint: { type: 'None', gpus: [] }
}
[2023-10-03 17:56:02] INFO (NNIManager) submitTrialJob: form: {
  sequenceId: 12,
  hyperParameters: {
    value: '{"parameter_id": 12, "parameter_source": "algorithm", "parameters": {"lr": 0.05303387223588384, "epoch": 51.0, "dropout1": 0.18902794087356908, "dropout2": 0.1826372618180392, "dense1": 5.0, "dense2": 10.0, "factor_0": 1.263906347695848, "factor_1": 3.6514830362462485, "factor_2": 2.5721414497423183, "factor_3": 1.8956418407662254, "factor_4": 3.357015335236739, "threshold_0": 8.374354536851893, "threshold_1": 12.500541214253317, "threshold_2": 9.9012806908068, "threshold_3": 9.795830112361323, "threshold_4": 11.2495770025001}, "parameter_index": 0}',
    index: 0
  },
  placementConstraint: { type: 'None', gpus: [] }
}
[2023-10-03 17:56:02] INFO (NNIManager) submitTrialJob: form: {
  sequenceId: 13,
  hyperParameters: {
    value: '{"parameter_id": 13, "parameter_source": "algorithm", "parameters": {"lr": 0.2589807858672008, "epoch": 46.0, "dropout1": 0.2568802805623743, "dropout2": 0.1443911700736869, "dense1": 5.0, "dense2": 10.0, "factor_0": 1.5578075397839244, "factor_1": 1.8824303184063265, "factor_2": 1.6786693681845746, "factor_3": 3.666856421729732, "factor_4": 3.4606550505048226, "threshold_0": 12.165393150753676, "threshold_1": 7.881075371648224, "threshold_2": 11.787293273549105, "threshold_3": 10.270470514646144, "threshold_4": 7.203724133846762}, "parameter_index": 0}',
    index: 0
  },
  placementConstraint: { type: 'None', gpus: [] }
}
[2023-10-03 17:56:02] INFO (NNIManager) submitTrialJob: form: {
  sequenceId: 14,
  hyperParameters: {
    value: '{"parameter_id": 14, "parameter_source": "algorithm", "parameters": {"lr": 0.005638831424208334, "epoch": 38.0, "dropout1": 0.19431487526036326, "dropout2": 0.14143377462700985, "dense1": 5.0, "dense2": 8.0, "factor_0": 3.463191083739642, "factor_1": 3.8864481119516507, "factor_2": 1.3406994159787193, "factor_3": 2.849466276158842, "factor_4": 3.4916903666099324, "threshold_0": 10.886719674541794, "threshold_1": 9.833960699099983, "threshold_2": 9.29291992530949, "threshold_3": 11.740343132017987, "threshold_4": 11.989588822955218}, "parameter_index": 0}',
    index: 0
  },
  placementConstraint: { type: 'None', gpus: [] }
}
[2023-10-03 17:56:02] INFO (NNIManager) submitTrialJob: form: {
  sequenceId: 15,
  hyperParameters: {
    value: '{"parameter_id": 15, "parameter_source": "algorithm", "parameters": {"lr": 0.000607022284352595, "epoch": 36.0, "dropout1": 0.229235203381635, "dropout2": 0.24645219146100444, "dense1": 7.0, "dense2": 7.0, "factor_0": 1.745725391631248, "factor_1": 3.675931052672649, "factor_2": 2.2311282545471514, "factor_3": 1.0327062950882882, "factor_4": 3.793639501282132, "threshold_0": 8.336497029688307, "threshold_1": 9.666596702782275, "threshold_2": 12.279532658958239, "threshold_3": 8.360275854714232, "threshold_4": 7.381428659324397}, "parameter_index": 0}',
    index: 0
  },
  placementConstraint: { type: 'None', gpus: [] }
}
[2023-10-03 17:56:02] INFO (NNIManager) submitTrialJob: form: {
  sequenceId: 16,
  hyperParameters: {
    value: '{"parameter_id": 16, "parameter_source": "algorithm", "parameters": {"lr": 0.2650997082449664, "epoch": 57.0, "dropout1": 0.2729773881069504, "dropout2": 0.23047851172175665, "dense1": 3.0, "dense2": 9.0, "factor_0": 3.4380597892508513, "factor_1": 3.953035063817661, "factor_2": 3.0061147380495026, "factor_3": 1.1963293512252986, "factor_4": 1.360915074644503, "threshold_0": 9.367105488600739, "threshold_1": 9.414804092110511, "threshold_2": 12.723066054621869, "threshold_3": 8.886960025762814, "threshold_4": 8.252274099066346}, "parameter_index": 0}',
    index: 0
  },
  placementConstraint: { type: 'None', gpus: [] }
}
[2023-10-03 17:56:02] INFO (NNIManager) submitTrialJob: form: {
  sequenceId: 17,
  hyperParameters: {
    value: '{"parameter_id": 17, "parameter_source": "algorithm", "parameters": {"lr": 0.001600038151741369, "epoch": 60.0, "dropout1": 0.17129459479019188, "dropout2": 0.17723890233633816, "dense1": 8.0, "dense2": 7.0, "factor_0": 2.2606854878101865, "factor_1": 3.9480440698148307, "factor_2": 1.597292557027287, "factor_3": 1.3246289470879882, "factor_4": 1.3036105610295627, "threshold_0": 7.426400542687839, "threshold_1": 10.22278023619645, "threshold_2": 12.384258066742337, "threshold_3": 12.509339063661075, "threshold_4": 12.57628735721149}, "parameter_index": 0}',
    index: 0
  },
  placementConstraint: { type: 'None', gpus: [] }
}
[2023-10-03 17:56:02] INFO (NNIManager) submitTrialJob: form: {
  sequenceId: 18,
  hyperParameters: {
    value: '{"parameter_id": 18, "parameter_source": "algorithm", "parameters": {"lr": 0.12137904603997393, "epoch": 68.0, "dropout1": 0.10479369863893395, "dropout2": 0.119196787831621, "dense1": 3.0, "dense2": 3.0, "factor_0": 2.7363374584543405, "factor_1": 3.7721447338704372, "factor_2": 1.1649194055117498, "factor_3": 3.9512621835814965, "factor_4": 3.19356525522735, "threshold_0": 10.165286760813807, "threshold_1": 11.571731998900848, "threshold_2": 8.825803145399956, "threshold_3": 12.474729132825367, "threshold_4": 9.468198964431902}, "parameter_index": 0}',
    index: 0
  },
  placementConstraint: { type: 'None', gpus: [] }
}
[2023-10-03 17:56:02] INFO (NNIManager) submitTrialJob: form: {
  sequenceId: 19,
  hyperParameters: {
    value: '{"parameter_id": 19, "parameter_source": "algorithm", "parameters": {"lr": 0.0015889384884265226, "epoch": 69.0, "dropout1": 0.27211729455666, "dropout2": 0.10594920905918809, "dense1": 6.0, "dense2": 9.0, "factor_0": 2.792611976357385, "factor_1": 2.4598662889327856, "factor_2": 1.8022805911641078, "factor_3": 2.0924008712374667, "factor_4": 2.5616158663559543, "threshold_0": 12.65809233768239, "threshold_1": 9.225619705143076, "threshold_2": 9.277531840711088, "threshold_3": 11.476800361785385, "threshold_4": 10.131237120732715}, "parameter_index": 0}',
    index: 0
  },
  placementConstraint: { type: 'None', gpus: [] }
}
[2023-10-03 17:56:07] INFO (NNIManager) Trial job c85E9 status changed from WAITING to RUNNING
[2023-10-03 17:56:07] INFO (NNIManager) Trial job aqW6G status changed from WAITING to RUNNING
[2023-10-03 17:56:07] INFO (NNIManager) Trial job pvLBA status changed from WAITING to RUNNING
[2023-10-03 17:56:07] INFO (NNIManager) Trial job otKWJ status changed from WAITING to RUNNING
[2023-10-03 17:56:07] INFO (NNIManager) Trial job l5TF4 status changed from WAITING to RUNNING
[2023-10-03 17:56:07] INFO (NNIManager) Trial job CxLRa status changed from WAITING to RUNNING
[2023-10-03 17:56:07] INFO (NNIManager) Trial job GTu00 status changed from WAITING to RUNNING
[2023-10-03 17:56:07] INFO (NNIManager) Trial job XVEdv status changed from WAITING to RUNNING
[2023-10-03 17:56:07] INFO (NNIManager) Trial job bajCi status changed from WAITING to RUNNING
[2023-10-03 17:57:54] INFO (ShutdownManager) Initiate shutdown: REST request
[2023-10-03 17:57:54] INFO (RestServer) Stopping REST server.
[2023-10-03 17:57:54] INFO (NNIManager) Change NNIManager status from: RUNNING to: STOPPING
[2023-10-03 17:57:54] INFO (NNIManager) Stopping experiment, cleaning up ...
[2023-10-03 17:57:54] INFO (RestServer) REST server stopped.
[2023-10-03 17:57:55] INFO (NNIManager) cancelTrialJob: TUl0X
[2023-10-03 17:57:56] INFO (NNIManager) cancelTrialJob: c85E9
[2023-10-03 17:57:56] INFO (NNIManager) cancelTrialJob: aqW6G
[2023-10-03 17:57:57] INFO (NNIManager) cancelTrialJob: pvLBA
[2023-10-03 17:57:57] INFO (NNIManager) cancelTrialJob: otKWJ
[2023-10-03 17:57:58] INFO (NNIManager) cancelTrialJob: l5TF4
[2023-10-03 17:57:58] INFO (NNIManager) cancelTrialJob: CxLRa
[2023-10-03 17:57:59] INFO (NNIManager) cancelTrialJob: GTu00
[2023-10-03 17:57:59] INFO (NNIManager) cancelTrialJob: XVEdv
[2023-10-03 17:58:00] INFO (NNIManager) cancelTrialJob: bajCi
[2023-10-03 17:58:00] INFO (LocalTrainingService) Stopping local machine training service...
[2023-10-03 17:58:00] INFO (NNIManager) Change NNIManager status from: STOPPING to: STOPPED
[2023-10-03 17:58:00] INFO (NNIManager) Experiment stopped.
[2023-10-03 17:58:00] INFO (NNITensorboardManager) Forced stopping all tensorboard task.
[2023-10-03 17:58:00] INFO (NNITensorboardManager) All tensorboard task stopped.
[2023-10-03 17:58:00] INFO (NNITensorboardManager) Tensorboard manager stopped.
[2023-10-03 17:58:00] INFO (ShutdownManager) Shutdown complete.
