WARNING:tensorflow:From /data/hyou37/anaconda3/envs/tinyml/lib/python3.7/site-packages/tensorflow/python/autograph/pyct/static_analysis/liveness.py:83: Analyzer.lamba_check (from tensorflow.python.autograph.pyct.static_analysis.liveness) is deprecated and will be removed after 2023-09-23.
Instructions for updating:
Lambda fuctions will be no more assumed to be used in the statement where they are used, or at least in the same block. https://github.com/tensorflow/tensorflow/issues/56089
WARNING:absl:Found untraced functions such as dropout_layer_call_fn, dropout_layer_call_and_return_conditional_losses, dense_layer_call_fn, dense_layer_call_and_return_conditional_losses, dropout_1_layer_call_fn while saving (showing 5 of 12). These functions will not be directly callable after loading.
/data/hyou37/anaconda3/envs/tinyml/lib/python3.7/site-packages/tensorflow/lite/python/convert.py:765: UserWarning: Statistics for quantized inputs were expected, but not specified; continuing anyway.
  warnings.warn("Statistics for quantized inputs were expected, but not "
WARNING:absl:Found untraced functions such as dropout_2_layer_call_fn, dropout_2_layer_call_and_return_conditional_losses, dense_3_layer_call_fn, dense_3_layer_call_and_return_conditional_losses, dropout_3_layer_call_fn while saving (showing 5 of 12). These functions will not be directly callable after loading.
WARNING:absl:Found untraced functions such as dropout_4_layer_call_fn, dropout_4_layer_call_and_return_conditional_losses, dense_6_layer_call_fn, dense_6_layer_call_and_return_conditional_losses, dropout_5_layer_call_fn while saving (showing 5 of 12). These functions will not be directly callable after loading.
WARNING:absl:Found untraced functions such as dropout_6_layer_call_fn, dropout_6_layer_call_and_return_conditional_losses, dense_9_layer_call_fn, dense_9_layer_call_and_return_conditional_losses, dropout_7_layer_call_fn while saving (showing 5 of 12). These functions will not be directly callable after loading.
WARNING:absl:Found untraced functions such as dropout_8_layer_call_fn, dropout_8_layer_call_and_return_conditional_losses, dense_12_layer_call_fn, dense_12_layer_call_and_return_conditional_losses, dropout_9_layer_call_fn while saving (showing 5 of 12). These functions will not be directly callable after loading.
WARNING:absl:Found untraced functions such as dropout_10_layer_call_fn, dropout_10_layer_call_and_return_conditional_losses, dense_15_layer_call_fn, dense_15_layer_call_and_return_conditional_losses, dropout_11_layer_call_fn while saving (showing 5 of 12). These functions will not be directly callable after loading.
WARNING:absl:Found untraced functions such as dropout_12_layer_call_fn, dropout_12_layer_call_and_return_conditional_losses, dense_18_layer_call_fn, dense_18_layer_call_and_return_conditional_losses, dropout_13_layer_call_fn while saving (showing 5 of 12). These functions will not be directly callable after loading.
WARNING:absl:Found untraced functions such as dropout_14_layer_call_fn, dropout_14_layer_call_and_return_conditional_losses, dense_21_layer_call_fn, dense_21_layer_call_and_return_conditional_losses, dropout_15_layer_call_fn while saving (showing 5 of 12). These functions will not be directly callable after loading.
WARNING:absl:Found untraced functions such as dropout_16_layer_call_fn, dropout_16_layer_call_and_return_conditional_losses, dense_24_layer_call_fn, dense_24_layer_call_and_return_conditional_losses, dropout_17_layer_call_fn while saving (showing 5 of 12). These functions will not be directly callable after loading.
WARNING:absl:Found untraced functions such as dropout_18_layer_call_fn, dropout_18_layer_call_and_return_conditional_losses, dense_27_layer_call_fn, dense_27_layer_call_and_return_conditional_losses, dropout_19_layer_call_fn while saving (showing 5 of 12). These functions will not be directly callable after loading.
WARNING:absl:Found untraced functions such as dropout_20_layer_call_fn, dropout_20_layer_call_and_return_conditional_losses, dense_30_layer_call_fn, dense_30_layer_call_and_return_conditional_losses, dropout_21_layer_call_fn while saving (showing 5 of 12). These functions will not be directly callable after loading.
WARNING:absl:Found untraced functions such as dropout_22_layer_call_fn, dropout_22_layer_call_and_return_conditional_losses, dense_33_layer_call_fn, dense_33_layer_call_and_return_conditional_losses, dropout_23_layer_call_fn while saving (showing 5 of 12). These functions will not be directly callable after loading.
WARNING:absl:Found untraced functions such as dropout_24_layer_call_fn, dropout_24_layer_call_and_return_conditional_losses, dense_36_layer_call_fn, dense_36_layer_call_and_return_conditional_losses, dropout_25_layer_call_fn while saving (showing 5 of 12). These functions will not be directly callable after loading.
WARNING:absl:Found untraced functions such as dropout_26_layer_call_fn, dropout_26_layer_call_and_return_conditional_losses, dense_39_layer_call_fn, dense_39_layer_call_and_return_conditional_losses, dropout_27_layer_call_fn while saving (showing 5 of 12). These functions will not be directly callable after loading.
WARNING:absl:Found untraced functions such as dropout_28_layer_call_fn, dropout_28_layer_call_and_return_conditional_losses, dense_42_layer_call_fn, dense_42_layer_call_and_return_conditional_losses, dropout_29_layer_call_fn while saving (showing 5 of 12). These functions will not be directly callable after loading.
WARNING:absl:Found untraced functions such as dropout_30_layer_call_fn, dropout_30_layer_call_and_return_conditional_losses, dense_45_layer_call_fn, dense_45_layer_call_and_return_conditional_losses, dropout_31_layer_call_fn while saving (showing 5 of 12). These functions will not be directly callable after loading.
WARNING:absl:Found untraced functions such as dropout_32_layer_call_fn, dropout_32_layer_call_and_return_conditional_losses, dense_48_layer_call_fn, dense_48_layer_call_and_return_conditional_losses, dropout_33_layer_call_fn while saving (showing 5 of 12). These functions will not be directly callable after loading.
WARNING:absl:Found untraced functions such as dropout_34_layer_call_fn, dropout_34_layer_call_and_return_conditional_losses, dense_51_layer_call_fn, dense_51_layer_call_and_return_conditional_losses, dropout_35_layer_call_fn while saving (showing 5 of 12). These functions will not be directly callable after loading.
WARNING:absl:Found untraced functions such as dropout_36_layer_call_fn, dropout_36_layer_call_and_return_conditional_losses, dense_54_layer_call_fn, dense_54_layer_call_and_return_conditional_losses, dropout_37_layer_call_fn while saving (showing 5 of 12). These functions will not be directly callable after loading.
WARNING:absl:Found untraced functions such as dropout_38_layer_call_fn, dropout_38_layer_call_and_return_conditional_losses, dense_57_layer_call_fn, dense_57_layer_call_and_return_conditional_losses, dropout_39_layer_call_fn while saving (showing 5 of 12). These functions will not be directly callable after loading.
WARNING:absl:Found untraced functions such as dropout_40_layer_call_fn, dropout_40_layer_call_and_return_conditional_losses, dense_60_layer_call_fn, dense_60_layer_call_and_return_conditional_losses, dropout_41_layer_call_fn while saving (showing 5 of 12). These functions will not be directly callable after loading.
WARNING:absl:Found untraced functions such as dropout_42_layer_call_fn, dropout_42_layer_call_and_return_conditional_losses, dense_63_layer_call_fn, dense_63_layer_call_and_return_conditional_losses, dropout_43_layer_call_fn while saving (showing 5 of 12). These functions will not be directly callable after loading.
WARNING:absl:Found untraced functions such as dropout_44_layer_call_fn, dropout_44_layer_call_and_return_conditional_losses, dense_66_layer_call_fn, dense_66_layer_call_and_return_conditional_losses, dropout_45_layer_call_fn while saving (showing 5 of 12). These functions will not be directly callable after loading.
WARNING:absl:Found untraced functions such as dropout_46_layer_call_fn, dropout_46_layer_call_and_return_conditional_losses, dense_69_layer_call_fn, dense_69_layer_call_and_return_conditional_losses, dropout_47_layer_call_fn while saving (showing 5 of 12). These functions will not be directly callable after loading.
WARNING:absl:Found untraced functions such as dropout_48_layer_call_fn, dropout_48_layer_call_and_return_conditional_losses, dense_72_layer_call_fn, dense_72_layer_call_and_return_conditional_losses, dropout_49_layer_call_fn while saving (showing 5 of 12). These functions will not be directly callable after loading.
WARNING:absl:Found untraced functions such as dropout_50_layer_call_fn, dropout_50_layer_call_and_return_conditional_losses, dense_75_layer_call_fn, dense_75_layer_call_and_return_conditional_losses, dropout_51_layer_call_fn while saving (showing 5 of 12). These functions will not be directly callable after loading.
WARNING:absl:Found untraced functions such as dropout_52_layer_call_fn, dropout_52_layer_call_and_return_conditional_losses, dense_78_layer_call_fn, dense_78_layer_call_and_return_conditional_losses, dropout_53_layer_call_fn while saving (showing 5 of 12). These functions will not be directly callable after loading.
WARNING:absl:Found untraced functions such as dropout_54_layer_call_fn, dropout_54_layer_call_and_return_conditional_losses, dense_81_layer_call_fn, dense_81_layer_call_and_return_conditional_losses, dropout_55_layer_call_fn while saving (showing 5 of 12). These functions will not be directly callable after loading.
WARNING:absl:Found untraced functions such as dropout_56_layer_call_fn, dropout_56_layer_call_and_return_conditional_losses, dense_84_layer_call_fn, dense_84_layer_call_and_return_conditional_losses, dropout_57_layer_call_fn while saving (showing 5 of 12). These functions will not be directly callable after loading.
WARNING:absl:Found untraced functions such as dropout_58_layer_call_fn, dropout_58_layer_call_and_return_conditional_losses, dense_87_layer_call_fn, dense_87_layer_call_and_return_conditional_losses, dropout_59_layer_call_fn while saving (showing 5 of 12). These functions will not be directly callable after loading.
WARNING:absl:Found untraced functions such as dropout_60_layer_call_fn, dropout_60_layer_call_and_return_conditional_losses, dense_90_layer_call_fn, dense_90_layer_call_and_return_conditional_losses, dropout_61_layer_call_fn while saving (showing 5 of 12). These functions will not be directly callable after loading.
WARNING:absl:Found untraced functions such as dropout_62_layer_call_fn, dropout_62_layer_call_and_return_conditional_losses, dense_93_layer_call_fn, dense_93_layer_call_and_return_conditional_losses, dropout_63_layer_call_fn while saving (showing 5 of 12). These functions will not be directly callable after loading.
WARNING:absl:Found untraced functions such as dropout_64_layer_call_fn, dropout_64_layer_call_and_return_conditional_losses, dense_96_layer_call_fn, dense_96_layer_call_and_return_conditional_losses, dropout_65_layer_call_fn while saving (showing 5 of 12). These functions will not be directly callable after loading.
WARNING:absl:Found untraced functions such as dropout_66_layer_call_fn, dropout_66_layer_call_and_return_conditional_losses, dense_99_layer_call_fn, dense_99_layer_call_and_return_conditional_losses, dropout_67_layer_call_fn while saving (showing 5 of 12). These functions will not be directly callable after loading.
WARNING:absl:Found untraced functions such as dropout_68_layer_call_fn, dropout_68_layer_call_and_return_conditional_losses, dense_102_layer_call_fn, dense_102_layer_call_and_return_conditional_losses, dropout_69_layer_call_fn while saving (showing 5 of 12). These functions will not be directly callable after loading.
WARNING:absl:Found untraced functions such as dropout_70_layer_call_fn, dropout_70_layer_call_and_return_conditional_losses, dense_105_layer_call_fn, dense_105_layer_call_and_return_conditional_losses, dropout_71_layer_call_fn while saving (showing 5 of 12). These functions will not be directly callable after loading.
WARNING:absl:Found untraced functions such as dropout_72_layer_call_fn, dropout_72_layer_call_and_return_conditional_losses, dense_108_layer_call_fn, dense_108_layer_call_and_return_conditional_losses, dropout_73_layer_call_fn while saving (showing 5 of 12). These functions will not be directly callable after loading.
