[2023-10-03 17:48:18] INFO (main) Start NNI manager
[2023-10-03 17:48:18] INFO (NNIDataStore) Datastore initialization done
[2023-10-03 17:48:18] INFO (RestServer) Starting REST server at port 23400, URL prefix: "/"
[2023-10-03 17:48:18] INFO (RestServer) REST server started.
[2023-10-03 17:48:19] INFO (NNIManager) Starting experiment: ofupjcaq
[2023-10-03 17:48:19] INFO (NNIManager) Setup training service...
[2023-10-03 17:48:19] INFO (LocalTrainingService) Construct local machine training service.
[2023-10-03 17:48:19] INFO (NNIManager) Setup tuner...
[2023-10-03 17:48:19] INFO (NNIManager) Change NNIManager status from: INITIALIZED to: RUNNING
[2023-10-03 17:48:19] INFO (NNIManager) Add event listeners
[2023-10-03 17:48:19] INFO (LocalTrainingService) Run local machine training service.
[2023-10-03 17:48:19] INFO (NNIManager) NNIManager received command from dispatcher: ID, 
[2023-10-03 17:48:19] INFO (NNIManager) NNIManager received command from dispatcher: TR, {"parameter_id": 0, "parameter_source": "algorithm", "parameters": {"lr": 0.04958598659957843, "epoch": 67.0, "dropout1": 0.2881475958919447, "dropout2": 0.18470742352109748, "dense1": 8.0, "dense2": 5.0, "factor_0": 3.2503774921118294, "factor_1": 1.2524617411106256, "factor_2": 2.498041139413751, "factor_3": 1.3677486418443818, "factor_4": 1.5861105502794857, "threshold_0": 9.931676458688267, "threshold_1": 11.020268520880162, "threshold_2": 7.927642302041308, "threshold_3": 7.744318984553595, "threshold_4": 10.254328187767522}, "parameter_index": 0}
[2023-10-03 17:48:19] INFO (NNIManager) NNIManager received command from dispatcher: TR, {"parameter_id": 1, "parameter_source": "algorithm", "parameters": {"lr": 0.16461026404898307, "epoch": 57.0, "dropout1": 0.1455720079364084, "dropout2": 0.14043154005946928, "dense1": 2.0, "dense2": 8.0, "factor_0": 3.795435783370143, "factor_1": 2.994869830731255, "factor_2": 3.2390982727158697, "factor_3": 3.744901528143325, "factor_4": 3.60038742717133, "threshold_0": 12.76491405435522, "threshold_1": 7.617905700179264, "threshold_2": 7.665187948743099, "threshold_3": 10.892633744386515, "threshold_4": 9.483101672412573}, "parameter_index": 0}
[2023-10-03 17:48:19] INFO (NNIManager) NNIManager received command from dispatcher: TR, {"parameter_id": 2, "parameter_source": "algorithm", "parameters": {"lr": 0.0002701654310023077, "epoch": 52.0, "dropout1": 0.1287824000117684, "dropout2": 0.22382985162823374, "dense1": 4.0, "dense2": 7.0, "factor_0": 2.2385202560899584, "factor_1": 2.652980813921795, "factor_2": 1.4721265052824475, "factor_3": 3.8240693967372437, "factor_4": 2.5890554088010367, "threshold_0": 10.211853969967986, "threshold_1": 7.208492062094425, "threshold_2": 10.0453780615453, "threshold_3": 8.462338886939692, "threshold_4": 10.779268104825102}, "parameter_index": 0}
[2023-10-03 17:48:19] INFO (NNIManager) NNIManager received command from dispatcher: TR, {"parameter_id": 3, "parameter_source": "algorithm", "parameters": {"lr": 0.011596023759928778, "epoch": 64.0, "dropout1": 0.14375867590971877, "dropout2": 0.2535272411789631, "dense1": 6.0, "dense2": 3.0, "factor_0": 2.5257989139321433, "factor_1": 2.94360082300772, "factor_2": 2.3552721529840492, "factor_3": 1.1628680528846544, "factor_4": 2.804070520298862, "threshold_0": 11.997846299821191, "threshold_1": 12.994525559726897, "threshold_2": 11.707336910288275, "threshold_3": 12.882272739366229, "threshold_4": 10.427373406204559}, "parameter_index": 0}
[2023-10-03 17:48:19] INFO (NNIManager) NNIManager received command from dispatcher: TR, {"parameter_id": 4, "parameter_source": "algorithm", "parameters": {"lr": 0.0006244328965529851, "epoch": 63.0, "dropout1": 0.16978466625774016, "dropout2": 0.1151830730448856, "dense1": 8.0, "dense2": 7.0, "factor_0": 2.0128592628131323, "factor_1": 2.982678674782704, "factor_2": 1.8726042248300625, "factor_3": 1.687866583862577, "factor_4": 1.5667337861902224, "threshold_0": 11.258006970133149, "threshold_1": 8.34479663839765, "threshold_2": 9.63494124890729, "threshold_3": 8.091563102332293, "threshold_4": 7.175591153122669}, "parameter_index": 0}
[2023-10-03 17:48:19] INFO (NNIManager) NNIManager received command from dispatcher: TR, {"parameter_id": 5, "parameter_source": "algorithm", "parameters": {"lr": 0.0004651485923796719, "epoch": 37.0, "dropout1": 0.28111210868246117, "dropout2": 0.1305024958074929, "dense1": 7.0, "dense2": 3.0, "factor_0": 1.4355323231237227, "factor_1": 3.6222990895157507, "factor_2": 3.467283423153129, "factor_3": 3.6766514276009814, "factor_4": 2.48634999810517, "threshold_0": 7.893232967188927, "threshold_1": 11.280536525456744, "threshold_2": 11.774441586118982, "threshold_3": 11.433943343051595, "threshold_4": 8.34240477317071}, "parameter_index": 0}
[2023-10-03 17:48:19] INFO (NNIManager) NNIManager received command from dispatcher: TR, {"parameter_id": 6, "parameter_source": "algorithm", "parameters": {"lr": 0.003457774434788911, "epoch": 47.0, "dropout1": 0.2866472118297222, "dropout2": 0.1324468825650284, "dense1": 6.0, "dense2": 6.0, "factor_0": 1.5398799711916324, "factor_1": 2.6984689173169665, "factor_2": 1.8386771759087086, "factor_3": 1.9207247051210645, "factor_4": 3.9045502963340266, "threshold_0": 7.721583902803174, "threshold_1": 11.308777945253217, "threshold_2": 7.957915976235892, "threshold_3": 7.348994298116238, "threshold_4": 12.910923820186504}, "parameter_index": 0}
[2023-10-03 17:48:19] INFO (NNIManager) NNIManager received command from dispatcher: TR, {"parameter_id": 7, "parameter_source": "algorithm", "parameters": {"lr": 0.2629762540635703, "epoch": 65.0, "dropout1": 0.17825760823775538, "dropout2": 0.16579288472071216, "dense1": 4.0, "dense2": 5.0, "factor_0": 2.8745430014223334, "factor_1": 1.420727837418398, "factor_2": 1.2452870274176155, "factor_3": 2.574629719530584, "factor_4": 2.7412976704511354, "threshold_0": 12.711164048129298, "threshold_1": 9.34837452809708, "threshold_2": 7.062423261359161, "threshold_3": 7.464626681062407, "threshold_4": 10.086894381882267}, "parameter_index": 0}
[2023-10-03 17:48:19] INFO (NNIManager) NNIManager received command from dispatcher: TR, {"parameter_id": 8, "parameter_source": "algorithm", "parameters": {"lr": 0.03624263068553108, "epoch": 37.0, "dropout1": 0.19174961066903257, "dropout2": 0.2195420375031849, "dense1": 6.0, "dense2": 6.0, "factor_0": 2.444903786611568, "factor_1": 2.547224622321383, "factor_2": 3.8518231638645872, "factor_3": 2.2645729166832265, "factor_4": 2.300517698076813, "threshold_0": 9.957290442769727, "threshold_1": 8.617693831963013, "threshold_2": 12.287068781703185, "threshold_3": 10.473082009351867, "threshold_4": 12.767706979431473}, "parameter_index": 0}
[2023-10-03 17:48:19] INFO (NNIManager) NNIManager received command from dispatcher: TR, {"parameter_id": 9, "parameter_source": "algorithm", "parameters": {"lr": 0.24137301017880478, "epoch": 54.0, "dropout1": 0.27787665578667786, "dropout2": 0.29302125205262586, "dense1": 5.0, "dense2": 2.0, "factor_0": 2.615832714380202, "factor_1": 2.3533720852076105, "factor_2": 2.2236516114414395, "factor_3": 2.9879579973005894, "factor_4": 1.5194774985592834, "threshold_0": 7.466375557863182, "threshold_1": 7.285168958361749, "threshold_2": 7.923602840771513, "threshold_3": 10.011752643583733, "threshold_4": 12.97271331524751}, "parameter_index": 0}
[2023-10-03 17:48:24] INFO (NNIManager) submitTrialJob: form: {
  sequenceId: 0,
  hyperParameters: {
    value: '{"parameter_id": 0, "parameter_source": "algorithm", "parameters": {"lr": 0.04958598659957843, "epoch": 67.0, "dropout1": 0.2881475958919447, "dropout2": 0.18470742352109748, "dense1": 8.0, "dense2": 5.0, "factor_0": 3.2503774921118294, "factor_1": 1.2524617411106256, "factor_2": 2.498041139413751, "factor_3": 1.3677486418443818, "factor_4": 1.5861105502794857, "threshold_0": 9.931676458688267, "threshold_1": 11.020268520880162, "threshold_2": 7.927642302041308, "threshold_3": 7.744318984553595, "threshold_4": 10.254328187767522}, "parameter_index": 0}',
    index: 0
  },
  placementConstraint: { type: 'None', gpus: [] }
}
[2023-10-03 17:48:24] INFO (NNIManager) submitTrialJob: form: {
  sequenceId: 1,
  hyperParameters: {
    value: '{"parameter_id": 1, "parameter_source": "algorithm", "parameters": {"lr": 0.16461026404898307, "epoch": 57.0, "dropout1": 0.1455720079364084, "dropout2": 0.14043154005946928, "dense1": 2.0, "dense2": 8.0, "factor_0": 3.795435783370143, "factor_1": 2.994869830731255, "factor_2": 3.2390982727158697, "factor_3": 3.744901528143325, "factor_4": 3.60038742717133, "threshold_0": 12.76491405435522, "threshold_1": 7.617905700179264, "threshold_2": 7.665187948743099, "threshold_3": 10.892633744386515, "threshold_4": 9.483101672412573}, "parameter_index": 0}',
    index: 0
  },
  placementConstraint: { type: 'None', gpus: [] }
}
[2023-10-03 17:48:24] INFO (NNIManager) submitTrialJob: form: {
  sequenceId: 2,
  hyperParameters: {
    value: '{"parameter_id": 2, "parameter_source": "algorithm", "parameters": {"lr": 0.0002701654310023077, "epoch": 52.0, "dropout1": 0.1287824000117684, "dropout2": 0.22382985162823374, "dense1": 4.0, "dense2": 7.0, "factor_0": 2.2385202560899584, "factor_1": 2.652980813921795, "factor_2": 1.4721265052824475, "factor_3": 3.8240693967372437, "factor_4": 2.5890554088010367, "threshold_0": 10.211853969967986, "threshold_1": 7.208492062094425, "threshold_2": 10.0453780615453, "threshold_3": 8.462338886939692, "threshold_4": 10.779268104825102}, "parameter_index": 0}',
    index: 0
  },
  placementConstraint: { type: 'None', gpus: [] }
}
[2023-10-03 17:48:24] INFO (NNIManager) submitTrialJob: form: {
  sequenceId: 3,
  hyperParameters: {
    value: '{"parameter_id": 3, "parameter_source": "algorithm", "parameters": {"lr": 0.011596023759928778, "epoch": 64.0, "dropout1": 0.14375867590971877, "dropout2": 0.2535272411789631, "dense1": 6.0, "dense2": 3.0, "factor_0": 2.5257989139321433, "factor_1": 2.94360082300772, "factor_2": 2.3552721529840492, "factor_3": 1.1628680528846544, "factor_4": 2.804070520298862, "threshold_0": 11.997846299821191, "threshold_1": 12.994525559726897, "threshold_2": 11.707336910288275, "threshold_3": 12.882272739366229, "threshold_4": 10.427373406204559}, "parameter_index": 0}',
    index: 0
  },
  placementConstraint: { type: 'None', gpus: [] }
}
[2023-10-03 17:48:24] INFO (NNIManager) submitTrialJob: form: {
  sequenceId: 4,
  hyperParameters: {
    value: '{"parameter_id": 4, "parameter_source": "algorithm", "parameters": {"lr": 0.0006244328965529851, "epoch": 63.0, "dropout1": 0.16978466625774016, "dropout2": 0.1151830730448856, "dense1": 8.0, "dense2": 7.0, "factor_0": 2.0128592628131323, "factor_1": 2.982678674782704, "factor_2": 1.8726042248300625, "factor_3": 1.687866583862577, "factor_4": 1.5667337861902224, "threshold_0": 11.258006970133149, "threshold_1": 8.34479663839765, "threshold_2": 9.63494124890729, "threshold_3": 8.091563102332293, "threshold_4": 7.175591153122669}, "parameter_index": 0}',
    index: 0
  },
  placementConstraint: { type: 'None', gpus: [] }
}
[2023-10-03 17:48:24] INFO (NNIManager) submitTrialJob: form: {
  sequenceId: 5,
  hyperParameters: {
    value: '{"parameter_id": 5, "parameter_source": "algorithm", "parameters": {"lr": 0.0004651485923796719, "epoch": 37.0, "dropout1": 0.28111210868246117, "dropout2": 0.1305024958074929, "dense1": 7.0, "dense2": 3.0, "factor_0": 1.4355323231237227, "factor_1": 3.6222990895157507, "factor_2": 3.467283423153129, "factor_3": 3.6766514276009814, "factor_4": 2.48634999810517, "threshold_0": 7.893232967188927, "threshold_1": 11.280536525456744, "threshold_2": 11.774441586118982, "threshold_3": 11.433943343051595, "threshold_4": 8.34240477317071}, "parameter_index": 0}',
    index: 0
  },
  placementConstraint: { type: 'None', gpus: [] }
}
[2023-10-03 17:48:24] INFO (NNIManager) submitTrialJob: form: {
  sequenceId: 6,
  hyperParameters: {
    value: '{"parameter_id": 6, "parameter_source": "algorithm", "parameters": {"lr": 0.003457774434788911, "epoch": 47.0, "dropout1": 0.2866472118297222, "dropout2": 0.1324468825650284, "dense1": 6.0, "dense2": 6.0, "factor_0": 1.5398799711916324, "factor_1": 2.6984689173169665, "factor_2": 1.8386771759087086, "factor_3": 1.9207247051210645, "factor_4": 3.9045502963340266, "threshold_0": 7.721583902803174, "threshold_1": 11.308777945253217, "threshold_2": 7.957915976235892, "threshold_3": 7.348994298116238, "threshold_4": 12.910923820186504}, "parameter_index": 0}',
    index: 0
  },
  placementConstraint: { type: 'None', gpus: [] }
}
[2023-10-03 17:48:24] INFO (NNIManager) submitTrialJob: form: {
  sequenceId: 7,
  hyperParameters: {
    value: '{"parameter_id": 7, "parameter_source": "algorithm", "parameters": {"lr": 0.2629762540635703, "epoch": 65.0, "dropout1": 0.17825760823775538, "dropout2": 0.16579288472071216, "dense1": 4.0, "dense2": 5.0, "factor_0": 2.8745430014223334, "factor_1": 1.420727837418398, "factor_2": 1.2452870274176155, "factor_3": 2.574629719530584, "factor_4": 2.7412976704511354, "threshold_0": 12.711164048129298, "threshold_1": 9.34837452809708, "threshold_2": 7.062423261359161, "threshold_3": 7.464626681062407, "threshold_4": 10.086894381882267}, "parameter_index": 0}',
    index: 0
  },
  placementConstraint: { type: 'None', gpus: [] }
}
[2023-10-03 17:48:24] INFO (NNIManager) submitTrialJob: form: {
  sequenceId: 8,
  hyperParameters: {
    value: '{"parameter_id": 8, "parameter_source": "algorithm", "parameters": {"lr": 0.03624263068553108, "epoch": 37.0, "dropout1": 0.19174961066903257, "dropout2": 0.2195420375031849, "dense1": 6.0, "dense2": 6.0, "factor_0": 2.444903786611568, "factor_1": 2.547224622321383, "factor_2": 3.8518231638645872, "factor_3": 2.2645729166832265, "factor_4": 2.300517698076813, "threshold_0": 9.957290442769727, "threshold_1": 8.617693831963013, "threshold_2": 12.287068781703185, "threshold_3": 10.473082009351867, "threshold_4": 12.767706979431473}, "parameter_index": 0}',
    index: 0
  },
  placementConstraint: { type: 'None', gpus: [] }
}
[2023-10-03 17:48:24] INFO (NNIManager) submitTrialJob: form: {
  sequenceId: 9,
  hyperParameters: {
    value: '{"parameter_id": 9, "parameter_source": "algorithm", "parameters": {"lr": 0.24137301017880478, "epoch": 54.0, "dropout1": 0.27787665578667786, "dropout2": 0.29302125205262586, "dense1": 5.0, "dense2": 2.0, "factor_0": 2.615832714380202, "factor_1": 2.3533720852076105, "factor_2": 2.2236516114414395, "factor_3": 2.9879579973005894, "factor_4": 1.5194774985592834, "threshold_0": 7.466375557863182, "threshold_1": 7.285168958361749, "threshold_2": 7.923602840771513, "threshold_3": 10.011752643583733, "threshold_4": 12.97271331524751}, "parameter_index": 0}',
    index: 0
  },
  placementConstraint: { type: 'None', gpus: [] }
}
[2023-10-03 17:48:34] INFO (NNIManager) Trial job te6go status changed from WAITING to FAILED
[2023-10-03 17:48:34] INFO (NNIManager) Trial job HeMzs status changed from WAITING to FAILED
[2023-10-03 17:48:34] INFO (NNIManager) Trial job wlaFz status changed from WAITING to FAILED
[2023-10-03 17:48:34] INFO (NNIManager) Trial job dLAdD status changed from WAITING to FAILED
[2023-10-03 17:48:34] INFO (NNIManager) Trial job snDOM status changed from WAITING to FAILED
[2023-10-03 17:48:34] INFO (NNIManager) Trial job NM9gp status changed from WAITING to FAILED
[2023-10-03 17:48:34] INFO (NNIManager) Trial job RBzfs status changed from WAITING to FAILED
[2023-10-03 17:48:34] INFO (NNIManager) Trial job I8wlu status changed from WAITING to FAILED
[2023-10-03 17:48:34] INFO (NNIManager) Trial job GqID2 status changed from WAITING to FAILED
[2023-10-03 17:48:34] INFO (NNIManager) Trial job TRC7W status changed from WAITING to FAILED
[2023-10-03 17:48:34] INFO (NNIManager) NNIManager received command from dispatcher: TR, {"parameter_id": 10, "parameter_source": "algorithm", "parameters": {"lr": 0.003009475284726561, "epoch": 46.0, "dropout1": 0.2867922333991506, "dropout2": 0.10304233390588538, "dense1": 6.0, "dense2": 7.0, "factor_0": 1.4984559823402992, "factor_1": 2.6814625375163796, "factor_2": 2.0740490528267497, "factor_3": 1.3063866040393797, "factor_4": 2.991014609695446, "threshold_0": 10.908481185781671, "threshold_1": 12.478731435868665, "threshold_2": 12.594647274077166, "threshold_3": 8.45560118199016, "threshold_4": 7.682958304719445}, "parameter_index": 0}
[2023-10-03 17:48:34] INFO (NNIManager) NNIManager received command from dispatcher: TR, {"parameter_id": 11, "parameter_source": "algorithm", "parameters": {"lr": 0.07865450974132666, "epoch": 58.0, "dropout1": 0.1522332504541383, "dropout2": 0.10359739344532558, "dense1": 7.0, "dense2": 6.0, "factor_0": 3.840530820683715, "factor_1": 3.273176552818822, "factor_2": 1.2595986788307074, "factor_3": 1.2554943260822669, "factor_4": 2.0771986181476096, "threshold_0": 7.851894121166893, "threshold_1": 8.265058224616796, "threshold_2": 12.701797305913411, "threshold_3": 12.364471585272142, "threshold_4": 11.7417946198243}, "parameter_index": 0}
[2023-10-03 17:48:34] INFO (NNIManager) NNIManager received command from dispatcher: TR, {"parameter_id": 12, "parameter_source": "algorithm", "parameters": {"lr": 0.06145754389457368, "epoch": 50.0, "dropout1": 0.15513714658110478, "dropout2": 0.2747536916739127, "dense1": 10.0, "dense2": 4.0, "factor_0": 3.6309725949523695, "factor_1": 3.806358737348658, "factor_2": 2.645385306544981, "factor_3": 1.1380904848484974, "factor_4": 3.772466531059553, "threshold_0": 8.051988165320717, "threshold_1": 7.241726014834158, "threshold_2": 12.568948148239897, "threshold_3": 10.416572777011734, "threshold_4": 8.120914386015738}, "parameter_index": 0}
[2023-10-03 17:48:34] INFO (NNIManager) NNIManager received command from dispatcher: TR, {"parameter_id": 13, "parameter_source": "algorithm", "parameters": {"lr": 0.023323265233088048, "epoch": 46.0, "dropout1": 0.18060674621993336, "dropout2": 0.17105839838662176, "dense1": 9.0, "dense2": 3.0, "factor_0": 1.2436638697629525, "factor_1": 2.248751803524235, "factor_2": 1.0092801597491035, "factor_3": 3.076247767204081, "factor_4": 3.755381292535763, "threshold_0": 7.10376732570599, "threshold_1": 11.649050699351939, "threshold_2": 7.764064186795074, "threshold_3": 12.722656201902925, "threshold_4": 8.124736009170341}, "parameter_index": 0}
[2023-10-03 17:48:34] INFO (NNIManager) NNIManager received command from dispatcher: TR, {"parameter_id": 14, "parameter_source": "algorithm", "parameters": {"lr": 0.0011768904433396294, "epoch": 60.0, "dropout1": 0.2552471447031662, "dropout2": 0.21154207406232062, "dense1": 3.0, "dense2": 5.0, "factor_0": 2.3363777088379947, "factor_1": 2.7507355217041902, "factor_2": 3.8464903577400773, "factor_3": 3.0034248508618147, "factor_4": 2.8341283880559627, "threshold_0": 8.687410193111615, "threshold_1": 11.956070334438907, "threshold_2": 9.488563119774856, "threshold_3": 12.264985613090118, "threshold_4": 10.966728661405913}, "parameter_index": 0}
[2023-10-03 17:48:34] INFO (NNIManager) NNIManager received command from dispatcher: TR, {"parameter_id": 15, "parameter_source": "algorithm", "parameters": {"lr": 0.022183221656539538, "epoch": 43.0, "dropout1": 0.14186548115304584, "dropout2": 0.29018254803407517, "dense1": 6.0, "dense2": 7.0, "factor_0": 1.9406343800880008, "factor_1": 2.4539424177096305, "factor_2": 1.2023970024304544, "factor_3": 2.3364118394034805, "factor_4": 2.1966975479761146, "threshold_0": 10.850582174970976, "threshold_1": 9.780434667601687, "threshold_2": 12.791599886319286, "threshold_3": 8.581957520943371, "threshold_4": 8.466119093778838}, "parameter_index": 0}
[2023-10-03 17:48:34] INFO (NNIManager) NNIManager received command from dispatcher: TR, {"parameter_id": 16, "parameter_source": "algorithm", "parameters": {"lr": 0.02169969463933604, "epoch": 65.0, "dropout1": 0.24102981764562392, "dropout2": 0.1408455793166728, "dense1": 10.0, "dense2": 6.0, "factor_0": 2.4984929987261375, "factor_1": 2.730980661044236, "factor_2": 3.28552164038241, "factor_3": 2.1865998943106497, "factor_4": 3.386799993230172, "threshold_0": 10.85272150736592, "threshold_1": 9.738934924818189, "threshold_2": 9.810406936565963, "threshold_3": 7.939368135468851, "threshold_4": 9.875465344561352}, "parameter_index": 0}
[2023-10-03 17:48:34] INFO (NNIManager) NNIManager received command from dispatcher: TR, {"parameter_id": 17, "parameter_source": "algorithm", "parameters": {"lr": 0.0021033665856524868, "epoch": 41.0, "dropout1": 0.15218759048203118, "dropout2": 0.25545464268452445, "dense1": 7.0, "dense2": 3.0, "factor_0": 3.1126356985549495, "factor_1": 1.2938631875930087, "factor_2": 3.2380093632447573, "factor_3": 3.0449159046090086, "factor_4": 2.9461506742443118, "threshold_0": 11.840120208383986, "threshold_1": 7.8481764522079605, "threshold_2": 8.070416554994065, "threshold_3": 9.645343038716486, "threshold_4": 11.959445527956055}, "parameter_index": 0}
[2023-10-03 17:48:34] INFO (NNIManager) NNIManager received command from dispatcher: TR, {"parameter_id": 18, "parameter_source": "algorithm", "parameters": {"lr": 0.006558595102077166, "epoch": 45.0, "dropout1": 0.25173963786355535, "dropout2": 0.27804510399195703, "dense1": 5.0, "dense2": 9.0, "factor_0": 1.6415408288360067, "factor_1": 2.0219430808152135, "factor_2": 1.5505608171221743, "factor_3": 2.1633003769963435, "factor_4": 2.3816013304169537, "threshold_0": 7.656027003875368, "threshold_1": 7.935474465090748, "threshold_2": 10.323709629387707, "threshold_3": 10.28641792661082, "threshold_4": 9.763158433663955}, "parameter_index": 0}
[2023-10-03 17:48:34] INFO (NNIManager) NNIManager received command from dispatcher: TR, {"parameter_id": 19, "parameter_source": "algorithm", "parameters": {"lr": 0.17534975694703642, "epoch": 61.0, "dropout1": 0.13944803682915416, "dropout2": 0.2980847376475749, "dense1": 6.0, "dense2": 5.0, "factor_0": 2.659633332329408, "factor_1": 3.1505165363514056, "factor_2": 3.4702743718587716, "factor_3": 1.9596377933828726, "factor_4": 3.47108306520581, "threshold_0": 11.343617221017855, "threshold_1": 8.016781056246002, "threshold_2": 10.301666950792818, "threshold_3": 7.426005590121652, "threshold_4": 11.220226988977709}, "parameter_index": 0}
[2023-10-03 17:48:39] INFO (NNIManager) submitTrialJob: form: {
  sequenceId: 10,
  hyperParameters: {
    value: '{"parameter_id": 10, "parameter_source": "algorithm", "parameters": {"lr": 0.003009475284726561, "epoch": 46.0, "dropout1": 0.2867922333991506, "dropout2": 0.10304233390588538, "dense1": 6.0, "dense2": 7.0, "factor_0": 1.4984559823402992, "factor_1": 2.6814625375163796, "factor_2": 2.0740490528267497, "factor_3": 1.3063866040393797, "factor_4": 2.991014609695446, "threshold_0": 10.908481185781671, "threshold_1": 12.478731435868665, "threshold_2": 12.594647274077166, "threshold_3": 8.45560118199016, "threshold_4": 7.682958304719445}, "parameter_index": 0}',
    index: 0
  },
  placementConstraint: { type: 'None', gpus: [] }
}
[2023-10-03 17:48:39] INFO (NNIManager) submitTrialJob: form: {
  sequenceId: 11,
  hyperParameters: {
    value: '{"parameter_id": 11, "parameter_source": "algorithm", "parameters": {"lr": 0.07865450974132666, "epoch": 58.0, "dropout1": 0.1522332504541383, "dropout2": 0.10359739344532558, "dense1": 7.0, "dense2": 6.0, "factor_0": 3.840530820683715, "factor_1": 3.273176552818822, "factor_2": 1.2595986788307074, "factor_3": 1.2554943260822669, "factor_4": 2.0771986181476096, "threshold_0": 7.851894121166893, "threshold_1": 8.265058224616796, "threshold_2": 12.701797305913411, "threshold_3": 12.364471585272142, "threshold_4": 11.7417946198243}, "parameter_index": 0}',
    index: 0
  },
  placementConstraint: { type: 'None', gpus: [] }
}
[2023-10-03 17:48:39] INFO (NNIManager) submitTrialJob: form: {
  sequenceId: 12,
  hyperParameters: {
    value: '{"parameter_id": 12, "parameter_source": "algorithm", "parameters": {"lr": 0.06145754389457368, "epoch": 50.0, "dropout1": 0.15513714658110478, "dropout2": 0.2747536916739127, "dense1": 10.0, "dense2": 4.0, "factor_0": 3.6309725949523695, "factor_1": 3.806358737348658, "factor_2": 2.645385306544981, "factor_3": 1.1380904848484974, "factor_4": 3.772466531059553, "threshold_0": 8.051988165320717, "threshold_1": 7.241726014834158, "threshold_2": 12.568948148239897, "threshold_3": 10.416572777011734, "threshold_4": 8.120914386015738}, "parameter_index": 0}',
    index: 0
  },
  placementConstraint: { type: 'None', gpus: [] }
}
[2023-10-03 17:48:39] INFO (NNIManager) submitTrialJob: form: {
  sequenceId: 13,
  hyperParameters: {
    value: '{"parameter_id": 13, "parameter_source": "algorithm", "parameters": {"lr": 0.023323265233088048, "epoch": 46.0, "dropout1": 0.18060674621993336, "dropout2": 0.17105839838662176, "dense1": 9.0, "dense2": 3.0, "factor_0": 1.2436638697629525, "factor_1": 2.248751803524235, "factor_2": 1.0092801597491035, "factor_3": 3.076247767204081, "factor_4": 3.755381292535763, "threshold_0": 7.10376732570599, "threshold_1": 11.649050699351939, "threshold_2": 7.764064186795074, "threshold_3": 12.722656201902925, "threshold_4": 8.124736009170341}, "parameter_index": 0}',
    index: 0
  },
  placementConstraint: { type: 'None', gpus: [] }
}
[2023-10-03 17:48:39] INFO (NNIManager) submitTrialJob: form: {
  sequenceId: 14,
  hyperParameters: {
    value: '{"parameter_id": 14, "parameter_source": "algorithm", "parameters": {"lr": 0.0011768904433396294, "epoch": 60.0, "dropout1": 0.2552471447031662, "dropout2": 0.21154207406232062, "dense1": 3.0, "dense2": 5.0, "factor_0": 2.3363777088379947, "factor_1": 2.7507355217041902, "factor_2": 3.8464903577400773, "factor_3": 3.0034248508618147, "factor_4": 2.8341283880559627, "threshold_0": 8.687410193111615, "threshold_1": 11.956070334438907, "threshold_2": 9.488563119774856, "threshold_3": 12.264985613090118, "threshold_4": 10.966728661405913}, "parameter_index": 0}',
    index: 0
  },
  placementConstraint: { type: 'None', gpus: [] }
}
[2023-10-03 17:48:39] INFO (NNIManager) submitTrialJob: form: {
  sequenceId: 15,
  hyperParameters: {
    value: '{"parameter_id": 15, "parameter_source": "algorithm", "parameters": {"lr": 0.022183221656539538, "epoch": 43.0, "dropout1": 0.14186548115304584, "dropout2": 0.29018254803407517, "dense1": 6.0, "dense2": 7.0, "factor_0": 1.9406343800880008, "factor_1": 2.4539424177096305, "factor_2": 1.2023970024304544, "factor_3": 2.3364118394034805, "factor_4": 2.1966975479761146, "threshold_0": 10.850582174970976, "threshold_1": 9.780434667601687, "threshold_2": 12.791599886319286, "threshold_3": 8.581957520943371, "threshold_4": 8.466119093778838}, "parameter_index": 0}',
    index: 0
  },
  placementConstraint: { type: 'None', gpus: [] }
}
[2023-10-03 17:48:39] INFO (NNIManager) submitTrialJob: form: {
  sequenceId: 16,
  hyperParameters: {
    value: '{"parameter_id": 16, "parameter_source": "algorithm", "parameters": {"lr": 0.02169969463933604, "epoch": 65.0, "dropout1": 0.24102981764562392, "dropout2": 0.1408455793166728, "dense1": 10.0, "dense2": 6.0, "factor_0": 2.4984929987261375, "factor_1": 2.730980661044236, "factor_2": 3.28552164038241, "factor_3": 2.1865998943106497, "factor_4": 3.386799993230172, "threshold_0": 10.85272150736592, "threshold_1": 9.738934924818189, "threshold_2": 9.810406936565963, "threshold_3": 7.939368135468851, "threshold_4": 9.875465344561352}, "parameter_index": 0}',
    index: 0
  },
  placementConstraint: { type: 'None', gpus: [] }
}
[2023-10-03 17:48:39] INFO (NNIManager) submitTrialJob: form: {
  sequenceId: 17,
  hyperParameters: {
    value: '{"parameter_id": 17, "parameter_source": "algorithm", "parameters": {"lr": 0.0021033665856524868, "epoch": 41.0, "dropout1": 0.15218759048203118, "dropout2": 0.25545464268452445, "dense1": 7.0, "dense2": 3.0, "factor_0": 3.1126356985549495, "factor_1": 1.2938631875930087, "factor_2": 3.2380093632447573, "factor_3": 3.0449159046090086, "factor_4": 2.9461506742443118, "threshold_0": 11.840120208383986, "threshold_1": 7.8481764522079605, "threshold_2": 8.070416554994065, "threshold_3": 9.645343038716486, "threshold_4": 11.959445527956055}, "parameter_index": 0}',
    index: 0
  },
  placementConstraint: { type: 'None', gpus: [] }
}
[2023-10-03 17:48:39] INFO (NNIManager) submitTrialJob: form: {
  sequenceId: 18,
  hyperParameters: {
    value: '{"parameter_id": 18, "parameter_source": "algorithm", "parameters": {"lr": 0.006558595102077166, "epoch": 45.0, "dropout1": 0.25173963786355535, "dropout2": 0.27804510399195703, "dense1": 5.0, "dense2": 9.0, "factor_0": 1.6415408288360067, "factor_1": 2.0219430808152135, "factor_2": 1.5505608171221743, "factor_3": 2.1633003769963435, "factor_4": 2.3816013304169537, "threshold_0": 7.656027003875368, "threshold_1": 7.935474465090748, "threshold_2": 10.323709629387707, "threshold_3": 10.28641792661082, "threshold_4": 9.763158433663955}, "parameter_index": 0}',
    index: 0
  },
  placementConstraint: { type: 'None', gpus: [] }
}
[2023-10-03 17:48:39] INFO (NNIManager) submitTrialJob: form: {
  sequenceId: 19,
  hyperParameters: {
    value: '{"parameter_id": 19, "parameter_source": "algorithm", "parameters": {"lr": 0.17534975694703642, "epoch": 61.0, "dropout1": 0.13944803682915416, "dropout2": 0.2980847376475749, "dense1": 6.0, "dense2": 5.0, "factor_0": 2.659633332329408, "factor_1": 3.1505165363514056, "factor_2": 3.4702743718587716, "factor_3": 1.9596377933828726, "factor_4": 3.47108306520581, "threshold_0": 11.343617221017855, "threshold_1": 8.016781056246002, "threshold_2": 10.301666950792818, "threshold_3": 7.426005590121652, "threshold_4": 11.220226988977709}, "parameter_index": 0}',
    index: 0
  },
  placementConstraint: { type: 'None', gpus: [] }
}
[2023-10-03 17:48:44] INFO (NNIManager) Trial job zXo9c status changed from WAITING to FAILED
[2023-10-03 17:48:44] INFO (NNIManager) Trial job bJmwO status changed from WAITING to FAILED
[2023-10-03 17:48:44] INFO (NNIManager) Trial job pHlq6 status changed from WAITING to FAILED
[2023-10-03 17:48:45] INFO (NNIManager) Trial job VomRl status changed from WAITING to FAILED
[2023-10-03 17:48:45] INFO (NNIManager) Trial job GIDPq status changed from WAITING to FAILED
[2023-10-03 17:48:45] INFO (NNIManager) Trial job wfNjn status changed from WAITING to FAILED
[2023-10-03 17:48:45] INFO (NNIManager) Trial job k9yBV status changed from WAITING to FAILED
[2023-10-03 17:48:45] INFO (NNIManager) Trial job NUx7T status changed from WAITING to FAILED
[2023-10-03 17:48:45] INFO (NNIManager) Trial job IzjNi status changed from WAITING to FAILED
[2023-10-03 17:48:45] INFO (NNIManager) Trial job Ck95F status changed from WAITING to FAILED
[2023-10-03 17:48:45] INFO (NNIManager) NNIManager received command from dispatcher: TR, {"parameter_id": 20, "parameter_source": "algorithm", "parameters": {"lr": 0.06779579889376407, "epoch": 38.0, "dropout1": 0.22212898835069425, "dropout2": 0.17537035514122526, "dense1": 3.0, "dense2": 7.0, "factor_0": 3.5936106698829726, "factor_1": 1.0665527163908206, "factor_2": 2.460027944713947, "factor_3": 1.2105595645461429, "factor_4": 3.9681465844398374, "threshold_0": 10.412512977704544, "threshold_1": 10.179539593773185, "threshold_2": 9.041806233710712, "threshold_3": 9.528209295056257, "threshold_4": 11.376675470174812}, "parameter_index": 0}
[2023-10-03 17:48:45] INFO (NNIManager) NNIManager received command from dispatcher: TR, {"parameter_id": 21, "parameter_source": "algorithm", "parameters": {"lr": 0.0001755282292963271, "epoch": 69.0, "dropout1": 0.18303505324658292, "dropout2": 0.1266375676341111, "dense1": 5.0, "dense2": 7.0, "factor_0": 1.270609069814804, "factor_1": 2.45604963082547, "factor_2": 1.3687348024993224, "factor_3": 1.804839128502127, "factor_4": 1.1976184251958508, "threshold_0": 10.874423961463709, "threshold_1": 10.478714621615826, "threshold_2": 8.016481062623585, "threshold_3": 10.335677379453255, "threshold_4": 7.716760979746763}, "parameter_index": 0}
[2023-10-03 17:48:45] INFO (NNIManager) NNIManager received command from dispatcher: TR, {"parameter_id": 22, "parameter_source": "algorithm", "parameters": {"lr": 0.018974448898446628, "epoch": 69.0, "dropout1": 0.2039157059848545, "dropout2": 0.23007339192602752, "dense1": 3.0, "dense2": 8.0, "factor_0": 1.8257502032924882, "factor_1": 2.1682570659264995, "factor_2": 3.986622653020147, "factor_3": 1.6285412781076163, "factor_4": 2.317831628297467, "threshold_0": 11.699389164187501, "threshold_1": 8.835282855587751, "threshold_2": 12.981082756531293, "threshold_3": 7.933133706060031, "threshold_4": 7.017908033934159}, "parameter_index": 0}
[2023-10-03 17:48:45] INFO (NNIManager) NNIManager received command from dispatcher: TR, {"parameter_id": 23, "parameter_source": "algorithm", "parameters": {"lr": 0.001111021365363844, "epoch": 50.0, "dropout1": 0.11510449618355628, "dropout2": 0.2546915407629484, "dense1": 6.0, "dense2": 4.0, "factor_0": 2.0284847765882983, "factor_1": 2.879253798091806, "factor_2": 3.524880200749153, "factor_3": 3.0834856382102593, "factor_4": 1.5552649096357576, "threshold_0": 10.84269138223814, "threshold_1": 7.068595607582071, "threshold_2": 11.77304069670587, "threshold_3": 10.38562940874268, "threshold_4": 8.78438629027518}, "parameter_index": 0}
[2023-10-03 17:48:45] INFO (NNIManager) NNIManager received command from dispatcher: TR, {"parameter_id": 24, "parameter_source": "algorithm", "parameters": {"lr": 0.013382888646030202, "epoch": 52.0, "dropout1": 0.29054885224413907, "dropout2": 0.11945230612673695, "dense1": 7.0, "dense2": 4.0, "factor_0": 3.2981695055664164, "factor_1": 2.2865393851423277, "factor_2": 2.7409892324699427, "factor_3": 2.05674967548069, "factor_4": 3.5663731495747646, "threshold_0": 8.822116359617477, "threshold_1": 12.647949531590458, "threshold_2": 11.479795520531624, "threshold_3": 11.245781843772294, "threshold_4": 12.224627601517083}, "parameter_index": 0}
[2023-10-03 17:48:45] INFO (NNIManager) NNIManager received command from dispatcher: TR, {"parameter_id": 25, "parameter_source": "algorithm", "parameters": {"lr": 0.0001755084051584914, "epoch": 60.0, "dropout1": 0.11741927389460885, "dropout2": 0.15857251606119857, "dense1": 10.0, "dense2": 10.0, "factor_0": 3.6115852251846943, "factor_1": 2.02017217435852, "factor_2": 3.4615612137908247, "factor_3": 3.182395362863258, "factor_4": 2.0419577092976704, "threshold_0": 12.097566863435233, "threshold_1": 7.31801338410814, "threshold_2": 10.380843743438138, "threshold_3": 9.027137246563397, "threshold_4": 8.397788338991115}, "parameter_index": 0}
[2023-10-03 17:48:45] INFO (NNIManager) NNIManager received command from dispatcher: TR, {"parameter_id": 26, "parameter_source": "algorithm", "parameters": {"lr": 0.2935008573122995, "epoch": 47.0, "dropout1": 0.20248051236393738, "dropout2": 0.24460415080495274, "dense1": 6.0, "dense2": 3.0, "factor_0": 3.1329026126227273, "factor_1": 1.3030403300412998, "factor_2": 1.4225979703727238, "factor_3": 3.6171769325689254, "factor_4": 3.9711673868823896, "threshold_0": 10.544830558374752, "threshold_1": 8.852338948044576, "threshold_2": 9.918093126246909, "threshold_3": 10.804746205609012, "threshold_4": 12.225397804182236}, "parameter_index": 0}
[2023-10-03 17:48:45] INFO (NNIManager) NNIManager received command from dispatcher: TR, {"parameter_id": 27, "parameter_source": "algorithm", "parameters": {"lr": 0.010841375587043567, "epoch": 55.0, "dropout1": 0.19379075558226277, "dropout2": 0.15634576372282177, "dense1": 7.0, "dense2": 8.0, "factor_0": 2.911647811966405, "factor_1": 1.4887929222980023, "factor_2": 1.4178210438000178, "factor_3": 2.9394097123966576, "factor_4": 2.045455576419476, "threshold_0": 7.06496924627027, "threshold_1": 12.15318810154854, "threshold_2": 8.363862634001883, "threshold_3": 9.892750124267902, "threshold_4": 8.77675372343856}, "parameter_index": 0}
[2023-10-03 17:48:45] INFO (NNIManager) NNIManager received command from dispatcher: TR, {"parameter_id": 28, "parameter_source": "algorithm", "parameters": {"lr": 0.007360097755402663, "epoch": 48.0, "dropout1": 0.13252469727808125, "dropout2": 0.25070096084902305, "dense1": 8.0, "dense2": 2.0, "factor_0": 3.2965336380745205, "factor_1": 2.0854590278428784, "factor_2": 1.1075450874003123, "factor_3": 2.603867298970273, "factor_4": 3.448435722330013, "threshold_0": 11.811363900082434, "threshold_1": 11.985951927043669, "threshold_2": 11.609299674793501, "threshold_3": 12.135743834552951, "threshold_4": 8.62296738379727}, "parameter_index": 0}
[2023-10-03 17:48:45] INFO (NNIManager) NNIManager received command from dispatcher: TR, {"parameter_id": 29, "parameter_source": "algorithm", "parameters": {"lr": 0.00010091806732587972, "epoch": 56.0, "dropout1": 0.29810592105183553, "dropout2": 0.19866673966247483, "dense1": 7.0, "dense2": 4.0, "factor_0": 2.184554133675495, "factor_1": 2.5036444238868945, "factor_2": 2.4393436168911804, "factor_3": 1.221487280903506, "factor_4": 3.1685513998735932, "threshold_0": 10.159611064069791, "threshold_1": 9.590076796427066, "threshold_2": 11.834832576947582, "threshold_3": 7.122411107953103, "threshold_4": 7.042044577375154}, "parameter_index": 0}
[2023-10-03 17:48:50] INFO (NNIManager) submitTrialJob: form: {
  sequenceId: 20,
  hyperParameters: {
    value: '{"parameter_id": 20, "parameter_source": "algorithm", "parameters": {"lr": 0.06779579889376407, "epoch": 38.0, "dropout1": 0.22212898835069425, "dropout2": 0.17537035514122526, "dense1": 3.0, "dense2": 7.0, "factor_0": 3.5936106698829726, "factor_1": 1.0665527163908206, "factor_2": 2.460027944713947, "factor_3": 1.2105595645461429, "factor_4": 3.9681465844398374, "threshold_0": 10.412512977704544, "threshold_1": 10.179539593773185, "threshold_2": 9.041806233710712, "threshold_3": 9.528209295056257, "threshold_4": 11.376675470174812}, "parameter_index": 0}',
    index: 0
  },
  placementConstraint: { type: 'None', gpus: [] }
}
[2023-10-03 17:48:50] INFO (NNIManager) submitTrialJob: form: {
  sequenceId: 21,
  hyperParameters: {
    value: '{"parameter_id": 21, "parameter_source": "algorithm", "parameters": {"lr": 0.0001755282292963271, "epoch": 69.0, "dropout1": 0.18303505324658292, "dropout2": 0.1266375676341111, "dense1": 5.0, "dense2": 7.0, "factor_0": 1.270609069814804, "factor_1": 2.45604963082547, "factor_2": 1.3687348024993224, "factor_3": 1.804839128502127, "factor_4": 1.1976184251958508, "threshold_0": 10.874423961463709, "threshold_1": 10.478714621615826, "threshold_2": 8.016481062623585, "threshold_3": 10.335677379453255, "threshold_4": 7.716760979746763}, "parameter_index": 0}',
    index: 0
  },
  placementConstraint: { type: 'None', gpus: [] }
}
[2023-10-03 17:48:50] INFO (NNIManager) submitTrialJob: form: {
  sequenceId: 22,
  hyperParameters: {
    value: '{"parameter_id": 22, "parameter_source": "algorithm", "parameters": {"lr": 0.018974448898446628, "epoch": 69.0, "dropout1": 0.2039157059848545, "dropout2": 0.23007339192602752, "dense1": 3.0, "dense2": 8.0, "factor_0": 1.8257502032924882, "factor_1": 2.1682570659264995, "factor_2": 3.986622653020147, "factor_3": 1.6285412781076163, "factor_4": 2.317831628297467, "threshold_0": 11.699389164187501, "threshold_1": 8.835282855587751, "threshold_2": 12.981082756531293, "threshold_3": 7.933133706060031, "threshold_4": 7.017908033934159}, "parameter_index": 0}',
    index: 0
  },
  placementConstraint: { type: 'None', gpus: [] }
}
[2023-10-03 17:48:50] INFO (NNIManager) submitTrialJob: form: {
  sequenceId: 23,
  hyperParameters: {
    value: '{"parameter_id": 23, "parameter_source": "algorithm", "parameters": {"lr": 0.001111021365363844, "epoch": 50.0, "dropout1": 0.11510449618355628, "dropout2": 0.2546915407629484, "dense1": 6.0, "dense2": 4.0, "factor_0": 2.0284847765882983, "factor_1": 2.879253798091806, "factor_2": 3.524880200749153, "factor_3": 3.0834856382102593, "factor_4": 1.5552649096357576, "threshold_0": 10.84269138223814, "threshold_1": 7.068595607582071, "threshold_2": 11.77304069670587, "threshold_3": 10.38562940874268, "threshold_4": 8.78438629027518}, "parameter_index": 0}',
    index: 0
  },
  placementConstraint: { type: 'None', gpus: [] }
}
[2023-10-03 17:48:50] INFO (NNIManager) submitTrialJob: form: {
  sequenceId: 24,
  hyperParameters: {
    value: '{"parameter_id": 24, "parameter_source": "algorithm", "parameters": {"lr": 0.013382888646030202, "epoch": 52.0, "dropout1": 0.29054885224413907, "dropout2": 0.11945230612673695, "dense1": 7.0, "dense2": 4.0, "factor_0": 3.2981695055664164, "factor_1": 2.2865393851423277, "factor_2": 2.7409892324699427, "factor_3": 2.05674967548069, "factor_4": 3.5663731495747646, "threshold_0": 8.822116359617477, "threshold_1": 12.647949531590458, "threshold_2": 11.479795520531624, "threshold_3": 11.245781843772294, "threshold_4": 12.224627601517083}, "parameter_index": 0}',
    index: 0
  },
  placementConstraint: { type: 'None', gpus: [] }
}
[2023-10-03 17:48:50] INFO (NNIManager) submitTrialJob: form: {
  sequenceId: 25,
  hyperParameters: {
    value: '{"parameter_id": 25, "parameter_source": "algorithm", "parameters": {"lr": 0.0001755084051584914, "epoch": 60.0, "dropout1": 0.11741927389460885, "dropout2": 0.15857251606119857, "dense1": 10.0, "dense2": 10.0, "factor_0": 3.6115852251846943, "factor_1": 2.02017217435852, "factor_2": 3.4615612137908247, "factor_3": 3.182395362863258, "factor_4": 2.0419577092976704, "threshold_0": 12.097566863435233, "threshold_1": 7.31801338410814, "threshold_2": 10.380843743438138, "threshold_3": 9.027137246563397, "threshold_4": 8.397788338991115}, "parameter_index": 0}',
    index: 0
  },
  placementConstraint: { type: 'None', gpus: [] }
}
[2023-10-03 17:48:50] INFO (NNIManager) submitTrialJob: form: {
  sequenceId: 26,
  hyperParameters: {
    value: '{"parameter_id": 26, "parameter_source": "algorithm", "parameters": {"lr": 0.2935008573122995, "epoch": 47.0, "dropout1": 0.20248051236393738, "dropout2": 0.24460415080495274, "dense1": 6.0, "dense2": 3.0, "factor_0": 3.1329026126227273, "factor_1": 1.3030403300412998, "factor_2": 1.4225979703727238, "factor_3": 3.6171769325689254, "factor_4": 3.9711673868823896, "threshold_0": 10.544830558374752, "threshold_1": 8.852338948044576, "threshold_2": 9.918093126246909, "threshold_3": 10.804746205609012, "threshold_4": 12.225397804182236}, "parameter_index": 0}',
    index: 0
  },
  placementConstraint: { type: 'None', gpus: [] }
}
[2023-10-03 17:48:50] INFO (NNIManager) submitTrialJob: form: {
  sequenceId: 27,
  hyperParameters: {
    value: '{"parameter_id": 27, "parameter_source": "algorithm", "parameters": {"lr": 0.010841375587043567, "epoch": 55.0, "dropout1": 0.19379075558226277, "dropout2": 0.15634576372282177, "dense1": 7.0, "dense2": 8.0, "factor_0": 2.911647811966405, "factor_1": 1.4887929222980023, "factor_2": 1.4178210438000178, "factor_3": 2.9394097123966576, "factor_4": 2.045455576419476, "threshold_0": 7.06496924627027, "threshold_1": 12.15318810154854, "threshold_2": 8.363862634001883, "threshold_3": 9.892750124267902, "threshold_4": 8.77675372343856}, "parameter_index": 0}',
    index: 0
  },
  placementConstraint: { type: 'None', gpus: [] }
}
[2023-10-03 17:48:50] INFO (NNIManager) submitTrialJob: form: {
  sequenceId: 28,
  hyperParameters: {
    value: '{"parameter_id": 28, "parameter_source": "algorithm", "parameters": {"lr": 0.007360097755402663, "epoch": 48.0, "dropout1": 0.13252469727808125, "dropout2": 0.25070096084902305, "dense1": 8.0, "dense2": 2.0, "factor_0": 3.2965336380745205, "factor_1": 2.0854590278428784, "factor_2": 1.1075450874003123, "factor_3": 2.603867298970273, "factor_4": 3.448435722330013, "threshold_0": 11.811363900082434, "threshold_1": 11.985951927043669, "threshold_2": 11.609299674793501, "threshold_3": 12.135743834552951, "threshold_4": 8.62296738379727}, "parameter_index": 0}',
    index: 0
  },
  placementConstraint: { type: 'None', gpus: [] }
}
[2023-10-03 17:48:50] INFO (NNIManager) submitTrialJob: form: {
  sequenceId: 29,
  hyperParameters: {
    value: '{"parameter_id": 29, "parameter_source": "algorithm", "parameters": {"lr": 0.00010091806732587972, "epoch": 56.0, "dropout1": 0.29810592105183553, "dropout2": 0.19866673966247483, "dense1": 7.0, "dense2": 4.0, "factor_0": 2.184554133675495, "factor_1": 2.5036444238868945, "factor_2": 2.4393436168911804, "factor_3": 1.221487280903506, "factor_4": 3.1685513998735932, "threshold_0": 10.159611064069791, "threshold_1": 9.590076796427066, "threshold_2": 11.834832576947582, "threshold_3": 7.122411107953103, "threshold_4": 7.042044577375154}, "parameter_index": 0}',
    index: 0
  },
  placementConstraint: { type: 'None', gpus: [] }
}
[2023-10-03 17:48:55] INFO (NNIManager) Trial job Mzn2m status changed from WAITING to FAILED
[2023-10-03 17:48:55] INFO (NNIManager) Trial job eoina status changed from WAITING to FAILED
[2023-10-03 17:48:55] INFO (NNIManager) Trial job TsAwC status changed from WAITING to FAILED
[2023-10-03 17:48:55] INFO (NNIManager) Trial job hpz40 status changed from WAITING to FAILED
[2023-10-03 17:48:55] INFO (NNIManager) Trial job MAdaM status changed from WAITING to FAILED
[2023-10-03 17:48:55] INFO (NNIManager) Trial job AVlQI status changed from WAITING to FAILED
[2023-10-03 17:48:55] INFO (NNIManager) Trial job SqYyy status changed from WAITING to FAILED
[2023-10-03 17:48:55] INFO (NNIManager) Trial job aTrZ1 status changed from WAITING to FAILED
[2023-10-03 17:48:55] INFO (NNIManager) Trial job nXQsZ status changed from WAITING to FAILED
[2023-10-03 17:48:55] INFO (NNIManager) Trial job W9RoV status changed from WAITING to FAILED
[2023-10-03 17:48:55] INFO (NNIManager) NNIManager received command from dispatcher: TR, {"parameter_id": 30, "parameter_source": "algorithm", "parameters": {"lr": 0.004438378688226632, "epoch": 37.0, "dropout1": 0.2933109329743124, "dropout2": 0.22690024892929575, "dense1": 9.0, "dense2": 9.0, "factor_0": 2.670473175072783, "factor_1": 2.4728097625350434, "factor_2": 1.6470705205606038, "factor_3": 3.5290327004738224, "factor_4": 1.8776501767878577, "threshold_0": 8.214149789002057, "threshold_1": 8.282728652409862, "threshold_2": 10.148664823497503, "threshold_3": 7.631327279151528, "threshold_4": 11.144048188374876}, "parameter_index": 0}
[2023-10-03 17:48:55] INFO (NNIManager) NNIManager received command from dispatcher: TR, {"parameter_id": 31, "parameter_source": "algorithm", "parameters": {"lr": 0.0010499740750435453, "epoch": 47.0, "dropout1": 0.23613175948850954, "dropout2": 0.10940144938611472, "dense1": 3.0, "dense2": 4.0, "factor_0": 2.7546813969264448, "factor_1": 1.3055273507480993, "factor_2": 2.9977075173964494, "factor_3": 1.7895744374421518, "factor_4": 3.984516967186913, "threshold_0": 10.692993706669377, "threshold_1": 10.48991745647737, "threshold_2": 7.866307575693423, "threshold_3": 11.149888044908508, "threshold_4": 8.91071216576391}, "parameter_index": 0}
[2023-10-03 17:48:55] INFO (NNIManager) NNIManager received command from dispatcher: TR, {"parameter_id": 32, "parameter_source": "algorithm", "parameters": {"lr": 0.011649937370773144, "epoch": 46.0, "dropout1": 0.21473636045388572, "dropout2": 0.12560174427024112, "dense1": 9.0, "dense2": 7.0, "factor_0": 2.9566212167505297, "factor_1": 1.14985468918933, "factor_2": 3.9489133241155603, "factor_3": 2.7460813803883655, "factor_4": 2.598689062383449, "threshold_0": 10.412661076651695, "threshold_1": 11.04832646432498, "threshold_2": 9.87018489811468, "threshold_3": 7.497452164516604, "threshold_4": 8.674766463904927}, "parameter_index": 0}
[2023-10-03 17:48:55] INFO (NNIManager) NNIManager received command from dispatcher: TR, {"parameter_id": 33, "parameter_source": "algorithm", "parameters": {"lr": 0.10574102050664885, "epoch": 55.0, "dropout1": 0.13034730670690522, "dropout2": 0.2618551447724724, "dense1": 6.0, "dense2": 8.0, "factor_0": 1.2512367871715726, "factor_1": 1.3978720929550232, "factor_2": 3.9956162503576023, "factor_3": 3.0374652883043454, "factor_4": 3.256014196892937, "threshold_0": 10.138135204220731, "threshold_1": 10.449129818043387, "threshold_2": 12.567625409811257, "threshold_3": 11.82146430778631, "threshold_4": 12.077216605768115}, "parameter_index": 0}
[2023-10-03 17:48:55] INFO (NNIManager) NNIManager received command from dispatcher: TR, {"parameter_id": 34, "parameter_source": "algorithm", "parameters": {"lr": 0.005685876075467592, "epoch": 40.0, "dropout1": 0.24567288125119816, "dropout2": 0.15328162078495405, "dense1": 2.0, "dense2": 3.0, "factor_0": 2.350235181747993, "factor_1": 2.7345253156605067, "factor_2": 2.1466213192518135, "factor_3": 2.9095505485180664, "factor_4": 3.3874750114788266, "threshold_0": 11.093269600799404, "threshold_1": 7.8047538757823505, "threshold_2": 7.336249026625915, "threshold_3": 9.7926333183471, "threshold_4": 7.101423975603097}, "parameter_index": 0}
[2023-10-03 17:48:55] INFO (NNIManager) NNIManager received command from dispatcher: TR, {"parameter_id": 35, "parameter_source": "algorithm", "parameters": {"lr": 0.01433179539098989, "epoch": 65.0, "dropout1": 0.26437447443925743, "dropout2": 0.11680163549713717, "dense1": 3.0, "dense2": 5.0, "factor_0": 2.459634009984085, "factor_1": 2.3263627411706462, "factor_2": 3.1821718268995065, "factor_3": 3.9154179702984386, "factor_4": 1.4972866659614716, "threshold_0": 12.914819444242738, "threshold_1": 12.972736846959569, "threshold_2": 10.422692421319026, "threshold_3": 9.548832830161091, "threshold_4": 9.86462538321135}, "parameter_index": 0}
[2023-10-03 17:48:55] INFO (NNIManager) NNIManager received command from dispatcher: TR, {"parameter_id": 36, "parameter_source": "algorithm", "parameters": {"lr": 0.0649008241544908, "epoch": 53.0, "dropout1": 0.14419652194189353, "dropout2": 0.2008699318368032, "dense1": 9.0, "dense2": 6.0, "factor_0": 2.738409449087128, "factor_1": 2.089145447384481, "factor_2": 2.3119858768576265, "factor_3": 3.3800876984387593, "factor_4": 2.7748962248065885, "threshold_0": 11.896208734906448, "threshold_1": 10.519727975670179, "threshold_2": 7.354784407901794, "threshold_3": 9.003419440722052, "threshold_4": 12.346065056573309}, "parameter_index": 0}
[2023-10-03 17:48:55] INFO (NNIManager) NNIManager received command from dispatcher: TR, {"parameter_id": 37, "parameter_source": "algorithm", "parameters": {"lr": 0.0067334904327440775, "epoch": 39.0, "dropout1": 0.14058953079921316, "dropout2": 0.27680704131594097, "dense1": 7.0, "dense2": 8.0, "factor_0": 1.998970494197247, "factor_1": 1.556965323482121, "factor_2": 2.1001026966262, "factor_3": 1.335597566302893, "factor_4": 1.4667321979770558, "threshold_0": 8.785498954272636, "threshold_1": 7.0535609083148465, "threshold_2": 7.669145610033118, "threshold_3": 7.0531350364793095, "threshold_4": 9.227722189216987}, "parameter_index": 0}
[2023-10-03 17:48:55] INFO (NNIManager) NNIManager received command from dispatcher: TR, {"parameter_id": 38, "parameter_source": "algorithm", "parameters": {"lr": 0.001583161464105701, "epoch": 61.0, "dropout1": 0.24596140432056637, "dropout2": 0.10303377797540691, "dense1": 5.0, "dense2": 2.0, "factor_0": 3.4451150313726875, "factor_1": 2.4838167247771787, "factor_2": 3.6807134599228313, "factor_3": 1.9599171949816752, "factor_4": 1.5327207329658001, "threshold_0": 7.184323635362467, "threshold_1": 9.10265070427682, "threshold_2": 12.052030357251597, "threshold_3": 10.440943186906662, "threshold_4": 11.16063580418605}, "parameter_index": 0}
[2023-10-03 17:48:55] INFO (NNIManager) NNIManager received command from dispatcher: TR, {"parameter_id": 39, "parameter_source": "algorithm", "parameters": {"lr": 0.00011460462545696983, "epoch": 56.0, "dropout1": 0.2790491140851121, "dropout2": 0.20890301946209766, "dense1": 4.0, "dense2": 5.0, "factor_0": 2.4991378598882665, "factor_1": 1.2239811068245015, "factor_2": 1.81091357936813, "factor_3": 3.2285733671266432, "factor_4": 1.8321016951176592, "threshold_0": 9.657048652040555, "threshold_1": 12.656105732786237, "threshold_2": 11.918429571799685, "threshold_3": 10.734888177690006, "threshold_4": 7.622102676724671}, "parameter_index": 0}
[2023-10-03 17:49:00] INFO (NNIManager) submitTrialJob: form: {
  sequenceId: 30,
  hyperParameters: {
    value: '{"parameter_id": 30, "parameter_source": "algorithm", "parameters": {"lr": 0.004438378688226632, "epoch": 37.0, "dropout1": 0.2933109329743124, "dropout2": 0.22690024892929575, "dense1": 9.0, "dense2": 9.0, "factor_0": 2.670473175072783, "factor_1": 2.4728097625350434, "factor_2": 1.6470705205606038, "factor_3": 3.5290327004738224, "factor_4": 1.8776501767878577, "threshold_0": 8.214149789002057, "threshold_1": 8.282728652409862, "threshold_2": 10.148664823497503, "threshold_3": 7.631327279151528, "threshold_4": 11.144048188374876}, "parameter_index": 0}',
    index: 0
  },
  placementConstraint: { type: 'None', gpus: [] }
}
[2023-10-03 17:49:00] INFO (NNIManager) submitTrialJob: form: {
  sequenceId: 31,
  hyperParameters: {
    value: '{"parameter_id": 31, "parameter_source": "algorithm", "parameters": {"lr": 0.0010499740750435453, "epoch": 47.0, "dropout1": 0.23613175948850954, "dropout2": 0.10940144938611472, "dense1": 3.0, "dense2": 4.0, "factor_0": 2.7546813969264448, "factor_1": 1.3055273507480993, "factor_2": 2.9977075173964494, "factor_3": 1.7895744374421518, "factor_4": 3.984516967186913, "threshold_0": 10.692993706669377, "threshold_1": 10.48991745647737, "threshold_2": 7.866307575693423, "threshold_3": 11.149888044908508, "threshold_4": 8.91071216576391}, "parameter_index": 0}',
    index: 0
  },
  placementConstraint: { type: 'None', gpus: [] }
}
[2023-10-03 17:49:00] INFO (NNIManager) submitTrialJob: form: {
  sequenceId: 32,
  hyperParameters: {
    value: '{"parameter_id": 32, "parameter_source": "algorithm", "parameters": {"lr": 0.011649937370773144, "epoch": 46.0, "dropout1": 0.21473636045388572, "dropout2": 0.12560174427024112, "dense1": 9.0, "dense2": 7.0, "factor_0": 2.9566212167505297, "factor_1": 1.14985468918933, "factor_2": 3.9489133241155603, "factor_3": 2.7460813803883655, "factor_4": 2.598689062383449, "threshold_0": 10.412661076651695, "threshold_1": 11.04832646432498, "threshold_2": 9.87018489811468, "threshold_3": 7.497452164516604, "threshold_4": 8.674766463904927}, "parameter_index": 0}',
    index: 0
  },
  placementConstraint: { type: 'None', gpus: [] }
}
[2023-10-03 17:49:00] INFO (NNIManager) submitTrialJob: form: {
  sequenceId: 33,
  hyperParameters: {
    value: '{"parameter_id": 33, "parameter_source": "algorithm", "parameters": {"lr": 0.10574102050664885, "epoch": 55.0, "dropout1": 0.13034730670690522, "dropout2": 0.2618551447724724, "dense1": 6.0, "dense2": 8.0, "factor_0": 1.2512367871715726, "factor_1": 1.3978720929550232, "factor_2": 3.9956162503576023, "factor_3": 3.0374652883043454, "factor_4": 3.256014196892937, "threshold_0": 10.138135204220731, "threshold_1": 10.449129818043387, "threshold_2": 12.567625409811257, "threshold_3": 11.82146430778631, "threshold_4": 12.077216605768115}, "parameter_index": 0}',
    index: 0
  },
  placementConstraint: { type: 'None', gpus: [] }
}
[2023-10-03 17:49:00] INFO (NNIManager) submitTrialJob: form: {
  sequenceId: 34,
  hyperParameters: {
    value: '{"parameter_id": 34, "parameter_source": "algorithm", "parameters": {"lr": 0.005685876075467592, "epoch": 40.0, "dropout1": 0.24567288125119816, "dropout2": 0.15328162078495405, "dense1": 2.0, "dense2": 3.0, "factor_0": 2.350235181747993, "factor_1": 2.7345253156605067, "factor_2": 2.1466213192518135, "factor_3": 2.9095505485180664, "factor_4": 3.3874750114788266, "threshold_0": 11.093269600799404, "threshold_1": 7.8047538757823505, "threshold_2": 7.336249026625915, "threshold_3": 9.7926333183471, "threshold_4": 7.101423975603097}, "parameter_index": 0}',
    index: 0
  },
  placementConstraint: { type: 'None', gpus: [] }
}
[2023-10-03 17:49:00] INFO (NNIManager) submitTrialJob: form: {
  sequenceId: 35,
  hyperParameters: {
    value: '{"parameter_id": 35, "parameter_source": "algorithm", "parameters": {"lr": 0.01433179539098989, "epoch": 65.0, "dropout1": 0.26437447443925743, "dropout2": 0.11680163549713717, "dense1": 3.0, "dense2": 5.0, "factor_0": 2.459634009984085, "factor_1": 2.3263627411706462, "factor_2": 3.1821718268995065, "factor_3": 3.9154179702984386, "factor_4": 1.4972866659614716, "threshold_0": 12.914819444242738, "threshold_1": 12.972736846959569, "threshold_2": 10.422692421319026, "threshold_3": 9.548832830161091, "threshold_4": 9.86462538321135}, "parameter_index": 0}',
    index: 0
  },
  placementConstraint: { type: 'None', gpus: [] }
}
[2023-10-03 17:49:00] INFO (NNIManager) submitTrialJob: form: {
  sequenceId: 36,
  hyperParameters: {
    value: '{"parameter_id": 36, "parameter_source": "algorithm", "parameters": {"lr": 0.0649008241544908, "epoch": 53.0, "dropout1": 0.14419652194189353, "dropout2": 0.2008699318368032, "dense1": 9.0, "dense2": 6.0, "factor_0": 2.738409449087128, "factor_1": 2.089145447384481, "factor_2": 2.3119858768576265, "factor_3": 3.3800876984387593, "factor_4": 2.7748962248065885, "threshold_0": 11.896208734906448, "threshold_1": 10.519727975670179, "threshold_2": 7.354784407901794, "threshold_3": 9.003419440722052, "threshold_4": 12.346065056573309}, "parameter_index": 0}',
    index: 0
  },
  placementConstraint: { type: 'None', gpus: [] }
}
[2023-10-03 17:49:00] INFO (NNIManager) submitTrialJob: form: {
  sequenceId: 37,
  hyperParameters: {
    value: '{"parameter_id": 37, "parameter_source": "algorithm", "parameters": {"lr": 0.0067334904327440775, "epoch": 39.0, "dropout1": 0.14058953079921316, "dropout2": 0.27680704131594097, "dense1": 7.0, "dense2": 8.0, "factor_0": 1.998970494197247, "factor_1": 1.556965323482121, "factor_2": 2.1001026966262, "factor_3": 1.335597566302893, "factor_4": 1.4667321979770558, "threshold_0": 8.785498954272636, "threshold_1": 7.0535609083148465, "threshold_2": 7.669145610033118, "threshold_3": 7.0531350364793095, "threshold_4": 9.227722189216987}, "parameter_index": 0}',
    index: 0
  },
  placementConstraint: { type: 'None', gpus: [] }
}
[2023-10-03 17:49:00] INFO (NNIManager) submitTrialJob: form: {
  sequenceId: 38,
  hyperParameters: {
    value: '{"parameter_id": 38, "parameter_source": "algorithm", "parameters": {"lr": 0.001583161464105701, "epoch": 61.0, "dropout1": 0.24596140432056637, "dropout2": 0.10303377797540691, "dense1": 5.0, "dense2": 2.0, "factor_0": 3.4451150313726875, "factor_1": 2.4838167247771787, "factor_2": 3.6807134599228313, "factor_3": 1.9599171949816752, "factor_4": 1.5327207329658001, "threshold_0": 7.184323635362467, "threshold_1": 9.10265070427682, "threshold_2": 12.052030357251597, "threshold_3": 10.440943186906662, "threshold_4": 11.16063580418605}, "parameter_index": 0}',
    index: 0
  },
  placementConstraint: { type: 'None', gpus: [] }
}
[2023-10-03 17:49:00] INFO (NNIManager) submitTrialJob: form: {
  sequenceId: 39,
  hyperParameters: {
    value: '{"parameter_id": 39, "parameter_source": "algorithm", "parameters": {"lr": 0.00011460462545696983, "epoch": 56.0, "dropout1": 0.2790491140851121, "dropout2": 0.20890301946209766, "dense1": 4.0, "dense2": 5.0, "factor_0": 2.4991378598882665, "factor_1": 1.2239811068245015, "factor_2": 1.81091357936813, "factor_3": 3.2285733671266432, "factor_4": 1.8321016951176592, "threshold_0": 9.657048652040555, "threshold_1": 12.656105732786237, "threshold_2": 11.918429571799685, "threshold_3": 10.734888177690006, "threshold_4": 7.622102676724671}, "parameter_index": 0}',
    index: 0
  },
  placementConstraint: { type: 'None', gpus: [] }
}
[2023-10-03 17:49:03] INFO (ShutdownManager) Initiate shutdown: REST request
[2023-10-03 17:49:03] INFO (RestServer) Stopping REST server.
[2023-10-03 17:49:03] INFO (NNIManager) Change NNIManager status from: RUNNING to: STOPPING
[2023-10-03 17:49:03] INFO (NNIManager) Stopping experiment, cleaning up ...
[2023-10-03 17:49:04] INFO (RestServer) REST server stopped.
[2023-10-03 17:49:04] INFO (LocalTrainingService) Stopping local machine training service...
[2023-10-03 17:49:04] INFO (NNIManager) Change NNIManager status from: STOPPING to: STOPPED
[2023-10-03 17:49:04] INFO (NNIManager) Experiment stopped.
[2023-10-03 17:49:04] INFO (NNITensorboardManager) Forced stopping all tensorboard task.
[2023-10-03 17:49:04] INFO (NNITensorboardManager) All tensorboard task stopped.
[2023-10-03 17:49:04] INFO (NNITensorboardManager) Tensorboard manager stopped.
[2023-10-03 17:49:04] INFO (ShutdownManager) Shutdown complete.
